2020.02.19 00:01:36 INFO  es[][o.e.e.NodeEnvironment] using [1] data paths, mounts [[OS (C:)]], net usable_space [11gb], net total_space [206gb], types [NTFS]
2020.02.19 00:01:36 INFO  es[][o.e.e.NodeEnvironment] heap size [494.9mb], compressed ordinary object pointers [true]
2020.02.19 00:01:36 INFO  es[][o.e.n.Node] node name [sonarqube], node ID [w9O2ULLtRpC_qFX9Y9KVuA]
2020.02.19 00:01:36 INFO  es[][o.e.n.Node] version[6.8.4], pid[20936], build[unknown/unknown/bca0c8d/2019-10-16T06:19:49.319352Z], OS[Windows 10/10.0/amd64], JVM[Oracle Corporation/Java HotSpot(TM) 64-Bit Server VM/11.0.6/11.0.6+8-LTS]
2020.02.19 00:01:36 INFO  es[][o.e.n.Node] JVM arguments [-XX:+UseConcMarkSweepGC, -XX:CMSInitiatingOccupancyFraction=75, -XX:+UseCMSInitiatingOccupancyOnly, -Des.networkaddress.cache.ttl=60, -Des.networkaddress.cache.negative.ttl=10, -XX:+AlwaysPreTouch, -Xss1m, -Djava.awt.headless=true, -Dfile.encoding=UTF-8, -Djna.nosys=true, -XX:-OmitStackTraceInFastThrow, -Dio.netty.noUnsafe=true, -Dio.netty.noKeySetOptimization=true, -Dio.netty.recycler.maxCapacityPerThread=0, -Dlog4j.shutdownHookEnabled=false, -Dlog4j2.disable.jmx=true, -Djava.io.tmpdir=C:\Users\swaroop\my-app\sonarqube-8.1.0.31237\temp, -XX:ErrorFile=../logs/es_hs_err_pid%p.log, -Xmx512m, -Xms512m, -XX:+HeapDumpOnOutOfMemoryError, -Delasticsearch, -Des.path.home=C:\Users\swaroop\my-app\sonarqube-8.1.0.31237\elasticsearch, -Des.path.conf=C:\Users\swaroop\my-app\sonarqube-8.1.0.31237\temp\conf\es]
2020.02.19 00:01:38 INFO  es[][o.e.p.PluginsService] loaded module [analysis-common]
2020.02.19 00:01:38 INFO  es[][o.e.p.PluginsService] loaded module [lang-painless]
2020.02.19 00:01:38 INFO  es[][o.e.p.PluginsService] loaded module [mapper-extras]
2020.02.19 00:01:38 INFO  es[][o.e.p.PluginsService] loaded module [parent-join]
2020.02.19 00:01:38 INFO  es[][o.e.p.PluginsService] loaded module [percolator]
2020.02.19 00:01:38 INFO  es[][o.e.p.PluginsService] loaded module [reindex]
2020.02.19 00:01:38 INFO  es[][o.e.p.PluginsService] loaded module [repository-url]
2020.02.19 00:01:38 INFO  es[][o.e.p.PluginsService] loaded module [transport-netty4]
2020.02.19 00:01:38 INFO  es[][o.e.p.PluginsService] no plugins loaded
2020.02.19 00:01:41 WARN  es[][o.e.d.c.s.Settings] [http.enabled] setting was deprecated in Elasticsearch and will be removed in a future release! See the breaking changes documentation for the next major version.
2020.02.19 00:01:43 INFO  es[][o.e.d.DiscoveryModule] using discovery type [zen] and host providers [settings]
2020.02.19 00:01:43 INFO  es[][o.e.n.Node] initialized
2020.02.19 00:01:43 INFO  es[][o.e.n.Node] starting ...
2020.02.19 00:01:44 INFO  es[][o.e.t.TransportService] publish_address {127.0.0.1:9001}, bound_addresses {127.0.0.1:9001}
2020.02.19 00:01:47 INFO  es[][o.e.c.s.MasterService] zen-disco-elected-as-master ([0] nodes joined), reason: new_master {sonarqube}{w9O2ULLtRpC_qFX9Y9KVuA}{4UsQNoWwRe2OEclSZyWBjg}{127.0.0.1}{127.0.0.1:9001}{rack_id=sonarqube}
2020.02.19 00:01:47 INFO  es[][o.e.c.s.ClusterApplierService] new_master {sonarqube}{w9O2ULLtRpC_qFX9Y9KVuA}{4UsQNoWwRe2OEclSZyWBjg}{127.0.0.1}{127.0.0.1:9001}{rack_id=sonarqube}, reason: apply cluster state (from master [master {sonarqube}{w9O2ULLtRpC_qFX9Y9KVuA}{4UsQNoWwRe2OEclSZyWBjg}{127.0.0.1}{127.0.0.1:9001}{rack_id=sonarqube} committed version [1] source [zen-disco-elected-as-master ([0] nodes joined)]])
2020.02.19 00:01:47 INFO  es[][o.e.n.Node] started
2020.02.19 00:01:48 INFO  es[][o.e.g.GatewayService] recovered [7] indices into cluster_state
2020.02.19 00:01:51 INFO  es[][o.e.c.r.a.AllocationService] Cluster health status changed from [RED] to [GREEN] (reason: [shards started [[metadatas][0]] ...]).
2020.02.19 00:02:18 WARN  es[][o.e.c.r.a.DiskThresholdMonitor] high disk watermark [90%] exceeded on [w9O2ULLtRpC_qFX9Y9KVuA][sonarqube][C:\Users\swaroop\my-app\sonarqube-8.1.0.31237\data\es6\nodes\0] free: 10.9gb[5.3%], shards will be relocated away from this node
2020.02.19 00:02:18 INFO  es[][o.e.c.r.a.DiskThresholdMonitor] rerouting shards: [high disk watermark exceeded on one or more nodes]
2020.02.19 00:02:27 INFO  es[][o.e.c.s.IndexScopedSettings] updating [index.refresh_interval] from [30s] to [-1]
2020.02.19 00:02:27 INFO  es[][o.e.c.s.IndexScopedSettings] updating [index.refresh_interval] from [30s] to [-1]
2020.02.19 00:02:28 INFO  es[][o.e.c.s.IndexScopedSettings] updating [index.refresh_interval] from [-1] to [30s]
2020.02.19 00:02:28 INFO  es[][o.e.c.s.IndexScopedSettings] updating [index.refresh_interval] from [-1] to [30s]
2020.02.19 00:02:28 INFO  es[][o.e.c.s.IndexScopedSettings] updating [index.refresh_interval] from [30s] to [-1]
2020.02.19 00:02:28 INFO  es[][o.e.c.s.IndexScopedSettings] updating [index.refresh_interval] from [30s] to [-1]
2020.02.19 00:02:28 INFO  es[][o.e.c.s.IndexScopedSettings] updating [index.refresh_interval] from [-1] to [30s]
2020.02.19 00:02:28 INFO  es[][o.e.c.s.IndexScopedSettings] updating [index.refresh_interval] from [-1] to [30s]
2020.02.19 00:02:48 WARN  es[][o.e.c.r.a.DiskThresholdMonitor] high disk watermark [90%] exceeded on [w9O2ULLtRpC_qFX9Y9KVuA][sonarqube][C:\Users\swaroop\my-app\sonarqube-8.1.0.31237\data\es6\nodes\0] free: 10.9gb[5.3%], shards will be relocated away from this node
2020.02.19 00:03:18 WARN  es[][o.e.c.r.a.DiskThresholdMonitor] high disk watermark [90%] exceeded on [w9O2ULLtRpC_qFX9Y9KVuA][sonarqube][C:\Users\swaroop\my-app\sonarqube-8.1.0.31237\data\es6\nodes\0] free: 10.9gb[5.2%], shards will be relocated away from this node
2020.02.19 00:03:18 INFO  es[][o.e.c.r.a.DiskThresholdMonitor] rerouting shards: [high disk watermark exceeded on one or more nodes]
2020.02.19 00:03:48 WARN  es[][o.e.c.r.a.DiskThresholdMonitor] high disk watermark [90%] exceeded on [w9O2ULLtRpC_qFX9Y9KVuA][sonarqube][C:\Users\swaroop\my-app\sonarqube-8.1.0.31237\data\es6\nodes\0] free: 10.8gb[5.2%], shards will be relocated away from this node
2020.02.19 00:04:18 WARN  es[][o.e.c.r.a.DiskThresholdMonitor] high disk watermark [90%] exceeded on [w9O2ULLtRpC_qFX9Y9KVuA][sonarqube][C:\Users\swaroop\my-app\sonarqube-8.1.0.31237\data\es6\nodes\0] free: 10.8gb[5.2%], shards will be relocated away from this node
2020.02.19 00:04:18 INFO  es[][o.e.c.r.a.DiskThresholdMonitor] rerouting shards: [high disk watermark exceeded on one or more nodes]
2020.02.19 00:04:48 WARN  es[][o.e.c.r.a.DiskThresholdMonitor] high disk watermark [90%] exceeded on [w9O2ULLtRpC_qFX9Y9KVuA][sonarqube][C:\Users\swaroop\my-app\sonarqube-8.1.0.31237\data\es6\nodes\0] free: 10.8gb[5.2%], shards will be relocated away from this node
2020.02.19 00:05:18 WARN  es[][o.e.c.r.a.DiskThresholdMonitor] high disk watermark [90%] exceeded on [w9O2ULLtRpC_qFX9Y9KVuA][sonarqube][C:\Users\swaroop\my-app\sonarqube-8.1.0.31237\data\es6\nodes\0] free: 10.7gb[5.2%], shards will be relocated away from this node
2020.02.19 00:05:18 INFO  es[][o.e.c.r.a.DiskThresholdMonitor] rerouting shards: [high disk watermark exceeded on one or more nodes]
2020.02.19 00:05:48 WARN  es[][o.e.c.r.a.DiskThresholdMonitor] high disk watermark [90%] exceeded on [w9O2ULLtRpC_qFX9Y9KVuA][sonarqube][C:\Users\swaroop\my-app\sonarqube-8.1.0.31237\data\es6\nodes\0] free: 10.7gb[5.2%], shards will be relocated away from this node
2020.02.19 00:06:18 WARN  es[][o.e.c.r.a.DiskThresholdMonitor] high disk watermark [90%] exceeded on [w9O2ULLtRpC_qFX9Y9KVuA][sonarqube][C:\Users\swaroop\my-app\sonarqube-8.1.0.31237\data\es6\nodes\0] free: 10.7gb[5.2%], shards will be relocated away from this node
2020.02.19 00:06:18 INFO  es[][o.e.c.r.a.DiskThresholdMonitor] rerouting shards: [high disk watermark exceeded on one or more nodes]
2020.02.19 00:06:48 WARN  es[][o.e.c.r.a.DiskThresholdMonitor] high disk watermark [90%] exceeded on [w9O2ULLtRpC_qFX9Y9KVuA][sonarqube][C:\Users\swaroop\my-app\sonarqube-8.1.0.31237\data\es6\nodes\0] free: 10.7gb[5.2%], shards will be relocated away from this node
2020.02.19 00:07:18 WARN  es[][o.e.c.r.a.DiskThresholdMonitor] high disk watermark [90%] exceeded on [w9O2ULLtRpC_qFX9Y9KVuA][sonarqube][C:\Users\swaroop\my-app\sonarqube-8.1.0.31237\data\es6\nodes\0] free: 10.7gb[5.2%], shards will be relocated away from this node
2020.02.19 00:07:18 INFO  es[][o.e.c.r.a.DiskThresholdMonitor] rerouting shards: [high disk watermark exceeded on one or more nodes]
2020.02.19 00:07:48 WARN  es[][o.e.c.r.a.DiskThresholdMonitor] high disk watermark [90%] exceeded on [w9O2ULLtRpC_qFX9Y9KVuA][sonarqube][C:\Users\swaroop\my-app\sonarqube-8.1.0.31237\data\es6\nodes\0] free: 10.7gb[5.2%], shards will be relocated away from this node
2020.02.19 00:08:18 WARN  es[][o.e.c.r.a.DiskThresholdMonitor] high disk watermark [90%] exceeded on [w9O2ULLtRpC_qFX9Y9KVuA][sonarqube][C:\Users\swaroop\my-app\sonarqube-8.1.0.31237\data\es6\nodes\0] free: 10.7gb[5.2%], shards will be relocated away from this node
2020.02.19 00:08:18 INFO  es[][o.e.c.r.a.DiskThresholdMonitor] rerouting shards: [high disk watermark exceeded on one or more nodes]
2020.02.19 00:08:48 WARN  es[][o.e.c.r.a.DiskThresholdMonitor] flood stage disk watermark [95%] exceeded on [w9O2ULLtRpC_qFX9Y9KVuA][sonarqube][C:\Users\swaroop\my-app\sonarqube-8.1.0.31237\data\es6\nodes\0] free: 9.7gb[4.7%], all indices on this node will be marked read-only
2020.02.19 00:09:18 WARN  es[][o.e.c.r.a.DiskThresholdMonitor] flood stage disk watermark [95%] exceeded on [w9O2ULLtRpC_qFX9Y9KVuA][sonarqube][C:\Users\swaroop\my-app\sonarqube-8.1.0.31237\data\es6\nodes\0] free: 9.7gb[4.7%], all indices on this node will be marked read-only
2020.02.19 00:09:48 WARN  es[][o.e.c.r.a.DiskThresholdMonitor] flood stage disk watermark [95%] exceeded on [w9O2ULLtRpC_qFX9Y9KVuA][sonarqube][C:\Users\swaroop\my-app\sonarqube-8.1.0.31237\data\es6\nodes\0] free: 9.7gb[4.7%], all indices on this node will be marked read-only
2020.02.19 00:10:18 WARN  es[][o.e.c.r.a.DiskThresholdMonitor] flood stage disk watermark [95%] exceeded on [w9O2ULLtRpC_qFX9Y9KVuA][sonarqube][C:\Users\swaroop\my-app\sonarqube-8.1.0.31237\data\es6\nodes\0] free: 9.7gb[4.7%], all indices on this node will be marked read-only
2020.02.19 00:10:48 WARN  es[][o.e.c.r.a.DiskThresholdMonitor] flood stage disk watermark [95%] exceeded on [w9O2ULLtRpC_qFX9Y9KVuA][sonarqube][C:\Users\swaroop\my-app\sonarqube-8.1.0.31237\data\es6\nodes\0] free: 9.7gb[4.7%], all indices on this node will be marked read-only
2020.02.19 00:11:18 WARN  es[][o.e.c.r.a.DiskThresholdMonitor] flood stage disk watermark [95%] exceeded on [w9O2ULLtRpC_qFX9Y9KVuA][sonarqube][C:\Users\swaroop\my-app\sonarqube-8.1.0.31237\data\es6\nodes\0] free: 9.7gb[4.7%], all indices on this node will be marked read-only
2020.02.19 00:11:48 WARN  es[][o.e.c.r.a.DiskThresholdMonitor] flood stage disk watermark [95%] exceeded on [w9O2ULLtRpC_qFX9Y9KVuA][sonarqube][C:\Users\swaroop\my-app\sonarqube-8.1.0.31237\data\es6\nodes\0] free: 9.7gb[4.7%], all indices on this node will be marked read-only
2020.02.19 00:12:18 WARN  es[][o.e.c.r.a.DiskThresholdMonitor] flood stage disk watermark [95%] exceeded on [w9O2ULLtRpC_qFX9Y9KVuA][sonarqube][C:\Users\swaroop\my-app\sonarqube-8.1.0.31237\data\es6\nodes\0] free: 9.7gb[4.7%], all indices on this node will be marked read-only
2020.02.19 00:12:48 WARN  es[][o.e.c.r.a.DiskThresholdMonitor] flood stage disk watermark [95%] exceeded on [w9O2ULLtRpC_qFX9Y9KVuA][sonarqube][C:\Users\swaroop\my-app\sonarqube-8.1.0.31237\data\es6\nodes\0] free: 9.7gb[4.7%], all indices on this node will be marked read-only
2020.02.19 00:13:18 WARN  es[][o.e.c.r.a.DiskThresholdMonitor] flood stage disk watermark [95%] exceeded on [w9O2ULLtRpC_qFX9Y9KVuA][sonarqube][C:\Users\swaroop\my-app\sonarqube-8.1.0.31237\data\es6\nodes\0] free: 9.6gb[4.6%], all indices on this node will be marked read-only
2020.02.19 00:13:48 WARN  es[][o.e.c.r.a.DiskThresholdMonitor] flood stage disk watermark [95%] exceeded on [w9O2ULLtRpC_qFX9Y9KVuA][sonarqube][C:\Users\swaroop\my-app\sonarqube-8.1.0.31237\data\es6\nodes\0] free: 9.6gb[4.6%], all indices on this node will be marked read-only
2020.02.19 00:14:18 WARN  es[][o.e.c.r.a.DiskThresholdMonitor] flood stage disk watermark [95%] exceeded on [w9O2ULLtRpC_qFX9Y9KVuA][sonarqube][C:\Users\swaroop\my-app\sonarqube-8.1.0.31237\data\es6\nodes\0] free: 9.6gb[4.6%], all indices on this node will be marked read-only
2020.02.19 00:14:48 WARN  es[][o.e.c.r.a.DiskThresholdMonitor] flood stage disk watermark [95%] exceeded on [w9O2ULLtRpC_qFX9Y9KVuA][sonarqube][C:\Users\swaroop\my-app\sonarqube-8.1.0.31237\data\es6\nodes\0] free: 9.6gb[4.6%], all indices on this node will be marked read-only
2020.02.19 00:15:18 WARN  es[][o.e.c.r.a.DiskThresholdMonitor] flood stage disk watermark [95%] exceeded on [w9O2ULLtRpC_qFX9Y9KVuA][sonarqube][C:\Users\swaroop\my-app\sonarqube-8.1.0.31237\data\es6\nodes\0] free: 9.6gb[4.6%], all indices on this node will be marked read-only
2020.02.19 00:15:48 WARN  es[][o.e.c.r.a.DiskThresholdMonitor] flood stage disk watermark [95%] exceeded on [w9O2ULLtRpC_qFX9Y9KVuA][sonarqube][C:\Users\swaroop\my-app\sonarqube-8.1.0.31237\data\es6\nodes\0] free: 9.6gb[4.6%], all indices on this node will be marked read-only
2020.02.19 00:16:18 WARN  es[][o.e.c.r.a.DiskThresholdMonitor] flood stage disk watermark [95%] exceeded on [w9O2ULLtRpC_qFX9Y9KVuA][sonarqube][C:\Users\swaroop\my-app\sonarqube-8.1.0.31237\data\es6\nodes\0] free: 9.6gb[4.6%], all indices on this node will be marked read-only
2020.02.19 00:16:48 WARN  es[][o.e.c.r.a.DiskThresholdMonitor] flood stage disk watermark [95%] exceeded on [w9O2ULLtRpC_qFX9Y9KVuA][sonarqube][C:\Users\swaroop\my-app\sonarqube-8.1.0.31237\data\es6\nodes\0] free: 9.6gb[4.6%], all indices on this node will be marked read-only
2020.02.19 00:17:18 WARN  es[][o.e.c.r.a.DiskThresholdMonitor] flood stage disk watermark [95%] exceeded on [w9O2ULLtRpC_qFX9Y9KVuA][sonarqube][C:\Users\swaroop\my-app\sonarqube-8.1.0.31237\data\es6\nodes\0] free: 9.6gb[4.6%], all indices on this node will be marked read-only
2020.02.19 00:17:48 WARN  es[][o.e.c.r.a.DiskThresholdMonitor] flood stage disk watermark [95%] exceeded on [w9O2ULLtRpC_qFX9Y9KVuA][sonarqube][C:\Users\swaroop\my-app\sonarqube-8.1.0.31237\data\es6\nodes\0] free: 9.6gb[4.6%], all indices on this node will be marked read-only
2020.02.19 00:18:18 WARN  es[][o.e.c.r.a.DiskThresholdMonitor] flood stage disk watermark [95%] exceeded on [w9O2ULLtRpC_qFX9Y9KVuA][sonarqube][C:\Users\swaroop\my-app\sonarqube-8.1.0.31237\data\es6\nodes\0] free: 9.6gb[4.6%], all indices on this node will be marked read-only
2020.02.19 00:18:48 WARN  es[][o.e.c.r.a.DiskThresholdMonitor] flood stage disk watermark [95%] exceeded on [w9O2ULLtRpC_qFX9Y9KVuA][sonarqube][C:\Users\swaroop\my-app\sonarqube-8.1.0.31237\data\es6\nodes\0] free: 9.6gb[4.6%], all indices on this node will be marked read-only
2020.02.19 00:19:18 WARN  es[][o.e.c.r.a.DiskThresholdMonitor] flood stage disk watermark [95%] exceeded on [w9O2ULLtRpC_qFX9Y9KVuA][sonarqube][C:\Users\swaroop\my-app\sonarqube-8.1.0.31237\data\es6\nodes\0] free: 9.6gb[4.6%], all indices on this node will be marked read-only
2020.02.19 00:19:48 WARN  es[][o.e.c.r.a.DiskThresholdMonitor] flood stage disk watermark [95%] exceeded on [w9O2ULLtRpC_qFX9Y9KVuA][sonarqube][C:\Users\swaroop\my-app\sonarqube-8.1.0.31237\data\es6\nodes\0] free: 9.6gb[4.6%], all indices on this node will be marked read-only
2020.02.19 00:20:18 WARN  es[][o.e.c.r.a.DiskThresholdMonitor] flood stage disk watermark [95%] exceeded on [w9O2ULLtRpC_qFX9Y9KVuA][sonarqube][C:\Users\swaroop\my-app\sonarqube-8.1.0.31237\data\es6\nodes\0] free: 9.6gb[4.6%], all indices on this node will be marked read-only
2020.02.19 00:20:48 WARN  es[][o.e.c.r.a.DiskThresholdMonitor] flood stage disk watermark [95%] exceeded on [w9O2ULLtRpC_qFX9Y9KVuA][sonarqube][C:\Users\swaroop\my-app\sonarqube-8.1.0.31237\data\es6\nodes\0] free: 9.4gb[4.5%], all indices on this node will be marked read-only
2020.02.19 00:21:18 WARN  es[][o.e.c.r.a.DiskThresholdMonitor] flood stage disk watermark [95%] exceeded on [w9O2ULLtRpC_qFX9Y9KVuA][sonarqube][C:\Users\swaroop\my-app\sonarqube-8.1.0.31237\data\es6\nodes\0] free: 9.1gb[4.4%], all indices on this node will be marked read-only
2020.02.19 00:21:48 WARN  es[][o.e.c.r.a.DiskThresholdMonitor] flood stage disk watermark [95%] exceeded on [w9O2ULLtRpC_qFX9Y9KVuA][sonarqube][C:\Users\swaroop\my-app\sonarqube-8.1.0.31237\data\es6\nodes\0] free: 9.3gb[4.5%], all indices on this node will be marked read-only
2020.02.19 00:22:18 WARN  es[][o.e.c.r.a.DiskThresholdMonitor] flood stage disk watermark [95%] exceeded on [w9O2ULLtRpC_qFX9Y9KVuA][sonarqube][C:\Users\swaroop\my-app\sonarqube-8.1.0.31237\data\es6\nodes\0] free: 9.3gb[4.5%], all indices on this node will be marked read-only
2020.02.19 00:22:48 WARN  es[][o.e.c.r.a.DiskThresholdMonitor] flood stage disk watermark [95%] exceeded on [w9O2ULLtRpC_qFX9Y9KVuA][sonarqube][C:\Users\swaroop\my-app\sonarqube-8.1.0.31237\data\es6\nodes\0] free: 9.3gb[4.5%], all indices on this node will be marked read-only
2020.02.19 00:23:18 WARN  es[][o.e.c.r.a.DiskThresholdMonitor] flood stage disk watermark [95%] exceeded on [w9O2ULLtRpC_qFX9Y9KVuA][sonarqube][C:\Users\swaroop\my-app\sonarqube-8.1.0.31237\data\es6\nodes\0] free: 9.3gb[4.5%], all indices on this node will be marked read-only
2020.02.19 00:23:48 WARN  es[][o.e.c.r.a.DiskThresholdMonitor] flood stage disk watermark [95%] exceeded on [w9O2ULLtRpC_qFX9Y9KVuA][sonarqube][C:\Users\swaroop\my-app\sonarqube-8.1.0.31237\data\es6\nodes\0] free: 9.4gb[4.5%], all indices on this node will be marked read-only
2020.02.19 00:24:18 WARN  es[][o.e.c.r.a.DiskThresholdMonitor] flood stage disk watermark [95%] exceeded on [w9O2ULLtRpC_qFX9Y9KVuA][sonarqube][C:\Users\swaroop\my-app\sonarqube-8.1.0.31237\data\es6\nodes\0] free: 9.1gb[4.4%], all indices on this node will be marked read-only
2020.02.19 00:24:48 WARN  es[][o.e.c.r.a.DiskThresholdMonitor] flood stage disk watermark [95%] exceeded on [w9O2ULLtRpC_qFX9Y9KVuA][sonarqube][C:\Users\swaroop\my-app\sonarqube-8.1.0.31237\data\es6\nodes\0] free: 9.3gb[4.5%], all indices on this node will be marked read-only
2020.02.19 00:25:18 WARN  es[][o.e.c.r.a.DiskThresholdMonitor] flood stage disk watermark [95%] exceeded on [w9O2ULLtRpC_qFX9Y9KVuA][sonarqube][C:\Users\swaroop\my-app\sonarqube-8.1.0.31237\data\es6\nodes\0] free: 9.3gb[4.5%], all indices on this node will be marked read-only
2020.02.19 00:25:48 WARN  es[][o.e.c.r.a.DiskThresholdMonitor] flood stage disk watermark [95%] exceeded on [w9O2ULLtRpC_qFX9Y9KVuA][sonarqube][C:\Users\swaroop\my-app\sonarqube-8.1.0.31237\data\es6\nodes\0] free: 9.3gb[4.5%], all indices on this node will be marked read-only
2020.02.19 00:26:18 WARN  es[][o.e.c.r.a.DiskThresholdMonitor] flood stage disk watermark [95%] exceeded on [w9O2ULLtRpC_qFX9Y9KVuA][sonarqube][C:\Users\swaroop\my-app\sonarqube-8.1.0.31237\data\es6\nodes\0] free: 9.3gb[4.5%], all indices on this node will be marked read-only
2020.02.19 00:26:48 WARN  es[][o.e.c.r.a.DiskThresholdMonitor] flood stage disk watermark [95%] exceeded on [w9O2ULLtRpC_qFX9Y9KVuA][sonarqube][C:\Users\swaroop\my-app\sonarqube-8.1.0.31237\data\es6\nodes\0] free: 9.3gb[4.5%], all indices on this node will be marked read-only
2020.02.19 00:27:18 WARN  es[][o.e.c.r.a.DiskThresholdMonitor] flood stage disk watermark [95%] exceeded on [w9O2ULLtRpC_qFX9Y9KVuA][sonarqube][C:\Users\swaroop\my-app\sonarqube-8.1.0.31237\data\es6\nodes\0] free: 9.3gb[4.5%], all indices on this node will be marked read-only
2020.02.19 00:27:48 WARN  es[][o.e.c.r.a.DiskThresholdMonitor] flood stage disk watermark [95%] exceeded on [w9O2ULLtRpC_qFX9Y9KVuA][sonarqube][C:\Users\swaroop\my-app\sonarqube-8.1.0.31237\data\es6\nodes\0] free: 9.3gb[4.5%], all indices on this node will be marked read-only
2020.02.19 00:28:18 WARN  es[][o.e.c.r.a.DiskThresholdMonitor] flood stage disk watermark [95%] exceeded on [w9O2ULLtRpC_qFX9Y9KVuA][sonarqube][C:\Users\swaroop\my-app\sonarqube-8.1.0.31237\data\es6\nodes\0] free: 9.3gb[4.5%], all indices on this node will be marked read-only
2020.02.19 00:28:48 WARN  es[][o.e.c.r.a.DiskThresholdMonitor] flood stage disk watermark [95%] exceeded on [w9O2ULLtRpC_qFX9Y9KVuA][sonarqube][C:\Users\swaroop\my-app\sonarqube-8.1.0.31237\data\es6\nodes\0] free: 9.3gb[4.5%], all indices on this node will be marked read-only
2020.02.19 00:30:14 WARN  es[][o.e.c.r.a.DiskThresholdMonitor] flood stage disk watermark [95%] exceeded on [w9O2ULLtRpC_qFX9Y9KVuA][sonarqube][C:\Users\swaroop\my-app\sonarqube-8.1.0.31237\data\es6\nodes\0] free: 9.3gb[4.5%], all indices on this node will be marked read-only
2020.02.19 00:30:44 WARN  es[][o.e.c.r.a.DiskThresholdMonitor] flood stage disk watermark [95%] exceeded on [w9O2ULLtRpC_qFX9Y9KVuA][sonarqube][C:\Users\swaroop\my-app\sonarqube-8.1.0.31237\data\es6\nodes\0] free: 9.3gb[4.5%], all indices on this node will be marked read-only
2020.02.19 14:06:33 WARN  es[][o.e.c.r.a.DiskThresholdMonitor] flood stage disk watermark [95%] exceeded on [w9O2ULLtRpC_qFX9Y9KVuA][sonarqube][C:\Users\swaroop\my-app\sonarqube-8.1.0.31237\data\es6\nodes\0] free: 9.3gb[4.5%], all indices on this node will be marked read-only
2020.02.19 14:07:13 WARN  es[][o.e.c.r.a.DiskThresholdMonitor] flood stage disk watermark [95%] exceeded on [w9O2ULLtRpC_qFX9Y9KVuA][sonarqube][C:\Users\swaroop\my-app\sonarqube-8.1.0.31237\data\es6\nodes\0] free: 9.3gb[4.5%], all indices on this node will be marked read-only
2020.02.19 14:07:43 WARN  es[][o.e.c.r.a.DiskThresholdMonitor] flood stage disk watermark [95%] exceeded on [w9O2ULLtRpC_qFX9Y9KVuA][sonarqube][C:\Users\swaroop\my-app\sonarqube-8.1.0.31237\data\es6\nodes\0] free: 9.3gb[4.5%], all indices on this node will be marked read-only
2020.02.19 14:08:13 WARN  es[][o.e.c.r.a.DiskThresholdMonitor] flood stage disk watermark [95%] exceeded on [w9O2ULLtRpC_qFX9Y9KVuA][sonarqube][C:\Users\swaroop\my-app\sonarqube-8.1.0.31237\data\es6\nodes\0] free: 9.4gb[4.5%], all indices on this node will be marked read-only
2020.02.19 14:08:43 WARN  es[][o.e.c.r.a.DiskThresholdMonitor] flood stage disk watermark [95%] exceeded on [w9O2ULLtRpC_qFX9Y9KVuA][sonarqube][C:\Users\swaroop\my-app\sonarqube-8.1.0.31237\data\es6\nodes\0] free: 9.4gb[4.6%], all indices on this node will be marked read-only
2020.02.19 14:09:13 WARN  es[][o.e.c.r.a.DiskThresholdMonitor] flood stage disk watermark [95%] exceeded on [w9O2ULLtRpC_qFX9Y9KVuA][sonarqube][C:\Users\swaroop\my-app\sonarqube-8.1.0.31237\data\es6\nodes\0] free: 9.6gb[4.6%], all indices on this node will be marked read-only
2020.02.19 14:09:43 WARN  es[][o.e.c.r.a.DiskThresholdMonitor] flood stage disk watermark [95%] exceeded on [w9O2ULLtRpC_qFX9Y9KVuA][sonarqube][C:\Users\swaroop\my-app\sonarqube-8.1.0.31237\data\es6\nodes\0] free: 9.6gb[4.6%], all indices on this node will be marked read-only
2020.02.19 14:10:13 WARN  es[][o.e.c.r.a.DiskThresholdMonitor] flood stage disk watermark [95%] exceeded on [w9O2ULLtRpC_qFX9Y9KVuA][sonarqube][C:\Users\swaroop\my-app\sonarqube-8.1.0.31237\data\es6\nodes\0] free: 9.6gb[4.6%], all indices on this node will be marked read-only
2020.02.19 14:10:43 WARN  es[][o.e.c.r.a.DiskThresholdMonitor] flood stage disk watermark [95%] exceeded on [w9O2ULLtRpC_qFX9Y9KVuA][sonarqube][C:\Users\swaroop\my-app\sonarqube-8.1.0.31237\data\es6\nodes\0] free: 9.6gb[4.6%], all indices on this node will be marked read-only
2020.02.19 14:11:13 WARN  es[][o.e.c.r.a.DiskThresholdMonitor] flood stage disk watermark [95%] exceeded on [w9O2ULLtRpC_qFX9Y9KVuA][sonarqube][C:\Users\swaroop\my-app\sonarqube-8.1.0.31237\data\es6\nodes\0] free: 9.6gb[4.6%], all indices on this node will be marked read-only
2020.02.19 14:11:43 WARN  es[][o.e.c.r.a.DiskThresholdMonitor] flood stage disk watermark [95%] exceeded on [w9O2ULLtRpC_qFX9Y9KVuA][sonarqube][C:\Users\swaroop\my-app\sonarqube-8.1.0.31237\data\es6\nodes\0] free: 9.6gb[4.6%], all indices on this node will be marked read-only
2020.02.19 14:12:13 WARN  es[][o.e.c.r.a.DiskThresholdMonitor] flood stage disk watermark [95%] exceeded on [w9O2ULLtRpC_qFX9Y9KVuA][sonarqube][C:\Users\swaroop\my-app\sonarqube-8.1.0.31237\data\es6\nodes\0] free: 9.6gb[4.6%], all indices on this node will be marked read-only
2020.02.19 14:12:43 WARN  es[][o.e.c.r.a.DiskThresholdMonitor] flood stage disk watermark [95%] exceeded on [w9O2ULLtRpC_qFX9Y9KVuA][sonarqube][C:\Users\swaroop\my-app\sonarqube-8.1.0.31237\data\es6\nodes\0] free: 9.6gb[4.6%], all indices on this node will be marked read-only
2020.02.19 14:13:13 WARN  es[][o.e.c.r.a.DiskThresholdMonitor] flood stage disk watermark [95%] exceeded on [w9O2ULLtRpC_qFX9Y9KVuA][sonarqube][C:\Users\swaroop\my-app\sonarqube-8.1.0.31237\data\es6\nodes\0] free: 9.6gb[4.6%], all indices on this node will be marked read-only
2020.02.19 14:13:43 WARN  es[][o.e.c.r.a.DiskThresholdMonitor] flood stage disk watermark [95%] exceeded on [w9O2ULLtRpC_qFX9Y9KVuA][sonarqube][C:\Users\swaroop\my-app\sonarqube-8.1.0.31237\data\es6\nodes\0] free: 9.6gb[4.6%], all indices on this node will be marked read-only
2020.02.19 14:14:13 WARN  es[][o.e.c.r.a.DiskThresholdMonitor] flood stage disk watermark [95%] exceeded on [w9O2ULLtRpC_qFX9Y9KVuA][sonarqube][C:\Users\swaroop\my-app\sonarqube-8.1.0.31237\data\es6\nodes\0] free: 9.6gb[4.6%], all indices on this node will be marked read-only
2020.02.19 14:14:43 WARN  es[][o.e.c.r.a.DiskThresholdMonitor] flood stage disk watermark [95%] exceeded on [w9O2ULLtRpC_qFX9Y9KVuA][sonarqube][C:\Users\swaroop\my-app\sonarqube-8.1.0.31237\data\es6\nodes\0] free: 9.6gb[4.6%], all indices on this node will be marked read-only
2020.02.19 14:15:13 WARN  es[][o.e.c.r.a.DiskThresholdMonitor] flood stage disk watermark [95%] exceeded on [w9O2ULLtRpC_qFX9Y9KVuA][sonarqube][C:\Users\swaroop\my-app\sonarqube-8.1.0.31237\data\es6\nodes\0] free: 9.5gb[4.6%], all indices on this node will be marked read-only
2020.02.19 14:15:43 WARN  es[][o.e.c.r.a.DiskThresholdMonitor] flood stage disk watermark [95%] exceeded on [w9O2ULLtRpC_qFX9Y9KVuA][sonarqube][C:\Users\swaroop\my-app\sonarqube-8.1.0.31237\data\es6\nodes\0] free: 9.5gb[4.6%], all indices on this node will be marked read-only
2020.02.19 14:16:13 WARN  es[][o.e.c.r.a.DiskThresholdMonitor] flood stage disk watermark [95%] exceeded on [w9O2ULLtRpC_qFX9Y9KVuA][sonarqube][C:\Users\swaroop\my-app\sonarqube-8.1.0.31237\data\es6\nodes\0] free: 9.5gb[4.6%], all indices on this node will be marked read-only
2020.02.19 14:16:43 WARN  es[][o.e.c.r.a.DiskThresholdMonitor] flood stage disk watermark [95%] exceeded on [w9O2ULLtRpC_qFX9Y9KVuA][sonarqube][C:\Users\swaroop\my-app\sonarqube-8.1.0.31237\data\es6\nodes\0] free: 9.7gb[4.7%], all indices on this node will be marked read-only
2020.02.19 14:17:13 WARN  es[][o.e.c.r.a.DiskThresholdMonitor] flood stage disk watermark [95%] exceeded on [w9O2ULLtRpC_qFX9Y9KVuA][sonarqube][C:\Users\swaroop\my-app\sonarqube-8.1.0.31237\data\es6\nodes\0] free: 9.7gb[4.7%], all indices on this node will be marked read-only
2020.02.19 14:17:43 WARN  es[][o.e.c.r.a.DiskThresholdMonitor] flood stage disk watermark [95%] exceeded on [w9O2ULLtRpC_qFX9Y9KVuA][sonarqube][C:\Users\swaroop\my-app\sonarqube-8.1.0.31237\data\es6\nodes\0] free: 9.8gb[4.7%], all indices on this node will be marked read-only
2020.02.19 14:18:13 WARN  es[][o.e.c.r.a.DiskThresholdMonitor] flood stage disk watermark [95%] exceeded on [w9O2ULLtRpC_qFX9Y9KVuA][sonarqube][C:\Users\swaroop\my-app\sonarqube-8.1.0.31237\data\es6\nodes\0] free: 9.8gb[4.7%], all indices on this node will be marked read-only
2020.02.19 14:18:43 WARN  es[][o.e.c.r.a.DiskThresholdMonitor] flood stage disk watermark [95%] exceeded on [w9O2ULLtRpC_qFX9Y9KVuA][sonarqube][C:\Users\swaroop\my-app\sonarqube-8.1.0.31237\data\es6\nodes\0] free: 9.8gb[4.7%], all indices on this node will be marked read-only
2020.02.19 14:19:13 WARN  es[][o.e.c.r.a.DiskThresholdMonitor] flood stage disk watermark [95%] exceeded on [w9O2ULLtRpC_qFX9Y9KVuA][sonarqube][C:\Users\swaroop\my-app\sonarqube-8.1.0.31237\data\es6\nodes\0] free: 9.8gb[4.7%], all indices on this node will be marked read-only
2020.02.19 14:19:43 WARN  es[][o.e.c.r.a.DiskThresholdMonitor] flood stage disk watermark [95%] exceeded on [w9O2ULLtRpC_qFX9Y9KVuA][sonarqube][C:\Users\swaroop\my-app\sonarqube-8.1.0.31237\data\es6\nodes\0] free: 9.8gb[4.7%], all indices on this node will be marked read-only
2020.02.19 14:20:13 WARN  es[][o.e.c.r.a.DiskThresholdMonitor] flood stage disk watermark [95%] exceeded on [w9O2ULLtRpC_qFX9Y9KVuA][sonarqube][C:\Users\swaroop\my-app\sonarqube-8.1.0.31237\data\es6\nodes\0] free: 9.8gb[4.7%], all indices on this node will be marked read-only
2020.02.19 14:20:43 WARN  es[][o.e.c.r.a.DiskThresholdMonitor] flood stage disk watermark [95%] exceeded on [w9O2ULLtRpC_qFX9Y9KVuA][sonarqube][C:\Users\swaroop\my-app\sonarqube-8.1.0.31237\data\es6\nodes\0] free: 9.8gb[4.7%], all indices on this node will be marked read-only
2020.02.19 14:21:13 WARN  es[][o.e.c.r.a.DiskThresholdMonitor] flood stage disk watermark [95%] exceeded on [w9O2ULLtRpC_qFX9Y9KVuA][sonarqube][C:\Users\swaroop\my-app\sonarqube-8.1.0.31237\data\es6\nodes\0] free: 9.8gb[4.7%], all indices on this node will be marked read-only
2020.02.19 14:21:43 WARN  es[][o.e.c.r.a.DiskThresholdMonitor] flood stage disk watermark [95%] exceeded on [w9O2ULLtRpC_qFX9Y9KVuA][sonarqube][C:\Users\swaroop\my-app\sonarqube-8.1.0.31237\data\es6\nodes\0] free: 9.8gb[4.7%], all indices on this node will be marked read-only
2020.02.19 14:22:13 WARN  es[][o.e.c.r.a.DiskThresholdMonitor] flood stage disk watermark [95%] exceeded on [w9O2ULLtRpC_qFX9Y9KVuA][sonarqube][C:\Users\swaroop\my-app\sonarqube-8.1.0.31237\data\es6\nodes\0] free: 9.8gb[4.7%], all indices on this node will be marked read-only
2020.02.19 14:22:43 WARN  es[][o.e.c.r.a.DiskThresholdMonitor] flood stage disk watermark [95%] exceeded on [w9O2ULLtRpC_qFX9Y9KVuA][sonarqube][C:\Users\swaroop\my-app\sonarqube-8.1.0.31237\data\es6\nodes\0] free: 9.8gb[4.7%], all indices on this node will be marked read-only
2020.02.19 14:23:13 WARN  es[][o.e.c.r.a.DiskThresholdMonitor] flood stage disk watermark [95%] exceeded on [w9O2ULLtRpC_qFX9Y9KVuA][sonarqube][C:\Users\swaroop\my-app\sonarqube-8.1.0.31237\data\es6\nodes\0] free: 9.8gb[4.7%], all indices on this node will be marked read-only
2020.02.19 14:23:43 WARN  es[][o.e.c.r.a.DiskThresholdMonitor] flood stage disk watermark [95%] exceeded on [w9O2ULLtRpC_qFX9Y9KVuA][sonarqube][C:\Users\swaroop\my-app\sonarqube-8.1.0.31237\data\es6\nodes\0] free: 9.8gb[4.7%], all indices on this node will be marked read-only
2020.02.19 14:24:13 WARN  es[][o.e.c.r.a.DiskThresholdMonitor] flood stage disk watermark [95%] exceeded on [w9O2ULLtRpC_qFX9Y9KVuA][sonarqube][C:\Users\swaroop\my-app\sonarqube-8.1.0.31237\data\es6\nodes\0] free: 9.8gb[4.7%], all indices on this node will be marked read-only
2020.02.19 14:24:43 WARN  es[][o.e.c.r.a.DiskThresholdMonitor] flood stage disk watermark [95%] exceeded on [w9O2ULLtRpC_qFX9Y9KVuA][sonarqube][C:\Users\swaroop\my-app\sonarqube-8.1.0.31237\data\es6\nodes\0] free: 9.8gb[4.7%], all indices on this node will be marked read-only
2020.02.19 14:25:13 WARN  es[][o.e.c.r.a.DiskThresholdMonitor] flood stage disk watermark [95%] exceeded on [w9O2ULLtRpC_qFX9Y9KVuA][sonarqube][C:\Users\swaroop\my-app\sonarqube-8.1.0.31237\data\es6\nodes\0] free: 9.8gb[4.7%], all indices on this node will be marked read-only
2020.02.19 14:25:43 WARN  es[][o.e.c.r.a.DiskThresholdMonitor] flood stage disk watermark [95%] exceeded on [w9O2ULLtRpC_qFX9Y9KVuA][sonarqube][C:\Users\swaroop\my-app\sonarqube-8.1.0.31237\data\es6\nodes\0] free: 9.8gb[4.7%], all indices on this node will be marked read-only
2020.02.19 14:26:13 WARN  es[][o.e.c.r.a.DiskThresholdMonitor] flood stage disk watermark [95%] exceeded on [w9O2ULLtRpC_qFX9Y9KVuA][sonarqube][C:\Users\swaroop\my-app\sonarqube-8.1.0.31237\data\es6\nodes\0] free: 9.8gb[4.7%], all indices on this node will be marked read-only
2020.02.19 14:26:43 WARN  es[][o.e.c.r.a.DiskThresholdMonitor] flood stage disk watermark [95%] exceeded on [w9O2ULLtRpC_qFX9Y9KVuA][sonarqube][C:\Users\swaroop\my-app\sonarqube-8.1.0.31237\data\es6\nodes\0] free: 9.8gb[4.7%], all indices on this node will be marked read-only
2020.02.19 14:27:13 WARN  es[][o.e.c.r.a.DiskThresholdMonitor] flood stage disk watermark [95%] exceeded on [w9O2ULLtRpC_qFX9Y9KVuA][sonarqube][C:\Users\swaroop\my-app\sonarqube-8.1.0.31237\data\es6\nodes\0] free: 9.8gb[4.7%], all indices on this node will be marked read-only
2020.02.19 14:27:43 WARN  es[][o.e.c.r.a.DiskThresholdMonitor] flood stage disk watermark [95%] exceeded on [w9O2ULLtRpC_qFX9Y9KVuA][sonarqube][C:\Users\swaroop\my-app\sonarqube-8.1.0.31237\data\es6\nodes\0] free: 9.8gb[4.7%], all indices on this node will be marked read-only
2020.02.19 14:28:13 WARN  es[][o.e.c.r.a.DiskThresholdMonitor] flood stage disk watermark [95%] exceeded on [w9O2ULLtRpC_qFX9Y9KVuA][sonarqube][C:\Users\swaroop\my-app\sonarqube-8.1.0.31237\data\es6\nodes\0] free: 9.8gb[4.7%], all indices on this node will be marked read-only
2020.02.19 14:28:43 WARN  es[][o.e.c.r.a.DiskThresholdMonitor] flood stage disk watermark [95%] exceeded on [w9O2ULLtRpC_qFX9Y9KVuA][sonarqube][C:\Users\swaroop\my-app\sonarqube-8.1.0.31237\data\es6\nodes\0] free: 9.9gb[4.8%], all indices on this node will be marked read-only
2020.02.19 14:29:13 WARN  es[][o.e.c.r.a.DiskThresholdMonitor] high disk watermark [90%] exceeded on [w9O2ULLtRpC_qFX9Y9KVuA][sonarqube][C:\Users\swaroop\my-app\sonarqube-8.1.0.31237\data\es6\nodes\0] free: 10.3gb[5%], shards will be relocated away from this node
2020.02.19 14:29:13 INFO  es[][o.e.c.r.a.DiskThresholdMonitor] rerouting shards: [high disk watermark exceeded on one or more nodes]
2020.02.19 14:29:43 WARN  es[][o.e.c.r.a.DiskThresholdMonitor] high disk watermark [90%] exceeded on [w9O2ULLtRpC_qFX9Y9KVuA][sonarqube][C:\Users\swaroop\my-app\sonarqube-8.1.0.31237\data\es6\nodes\0] free: 10.3gb[5%], shards will be relocated away from this node
2020.02.19 14:30:13 WARN  es[][o.e.c.r.a.DiskThresholdMonitor] high disk watermark [90%] exceeded on [w9O2ULLtRpC_qFX9Y9KVuA][sonarqube][C:\Users\swaroop\my-app\sonarqube-8.1.0.31237\data\es6\nodes\0] free: 10.3gb[5%], shards will be relocated away from this node
2020.02.19 14:30:13 INFO  es[][o.e.c.r.a.DiskThresholdMonitor] rerouting shards: [high disk watermark exceeded on one or more nodes]
2020.02.19 14:30:43 WARN  es[][o.e.c.r.a.DiskThresholdMonitor] high disk watermark [90%] exceeded on [w9O2ULLtRpC_qFX9Y9KVuA][sonarqube][C:\Users\swaroop\my-app\sonarqube-8.1.0.31237\data\es6\nodes\0] free: 10.3gb[5%], shards will be relocated away from this node
2020.02.19 14:31:13 WARN  es[][o.e.c.r.a.DiskThresholdMonitor] high disk watermark [90%] exceeded on [w9O2ULLtRpC_qFX9Y9KVuA][sonarqube][C:\Users\swaroop\my-app\sonarqube-8.1.0.31237\data\es6\nodes\0] free: 10.3gb[5%], shards will be relocated away from this node
2020.02.19 14:31:13 INFO  es[][o.e.c.r.a.DiskThresholdMonitor] rerouting shards: [high disk watermark exceeded on one or more nodes]
2020.02.19 14:31:43 WARN  es[][o.e.c.r.a.DiskThresholdMonitor] high disk watermark [90%] exceeded on [w9O2ULLtRpC_qFX9Y9KVuA][sonarqube][C:\Users\swaroop\my-app\sonarqube-8.1.0.31237\data\es6\nodes\0] free: 10.3gb[5%], shards will be relocated away from this node
2020.02.19 14:32:13 WARN  es[][o.e.c.r.a.DiskThresholdMonitor] high disk watermark [90%] exceeded on [w9O2ULLtRpC_qFX9Y9KVuA][sonarqube][C:\Users\swaroop\my-app\sonarqube-8.1.0.31237\data\es6\nodes\0] free: 10.3gb[5%], shards will be relocated away from this node
2020.02.19 14:32:13 INFO  es[][o.e.c.r.a.DiskThresholdMonitor] rerouting shards: [high disk watermark exceeded on one or more nodes]
2020.02.19 14:32:43 WARN  es[][o.e.c.r.a.DiskThresholdMonitor] high disk watermark [90%] exceeded on [w9O2ULLtRpC_qFX9Y9KVuA][sonarqube][C:\Users\swaroop\my-app\sonarqube-8.1.0.31237\data\es6\nodes\0] free: 10.3gb[5%], shards will be relocated away from this node
2020.02.19 14:33:13 WARN  es[][o.e.c.r.a.DiskThresholdMonitor] high disk watermark [90%] exceeded on [w9O2ULLtRpC_qFX9Y9KVuA][sonarqube][C:\Users\swaroop\my-app\sonarqube-8.1.0.31237\data\es6\nodes\0] free: 10.3gb[5%], shards will be relocated away from this node
2020.02.19 14:33:13 INFO  es[][o.e.c.r.a.DiskThresholdMonitor] rerouting shards: [high disk watermark exceeded on one or more nodes]
2020.02.19 14:33:43 WARN  es[][o.e.c.r.a.DiskThresholdMonitor] high disk watermark [90%] exceeded on [w9O2ULLtRpC_qFX9Y9KVuA][sonarqube][C:\Users\swaroop\my-app\sonarqube-8.1.0.31237\data\es6\nodes\0] free: 10.3gb[5%], shards will be relocated away from this node
2020.02.19 14:34:13 WARN  es[][o.e.c.r.a.DiskThresholdMonitor] high disk watermark [90%] exceeded on [w9O2ULLtRpC_qFX9Y9KVuA][sonarqube][C:\Users\swaroop\my-app\sonarqube-8.1.0.31237\data\es6\nodes\0] free: 10.3gb[5%], shards will be relocated away from this node
2020.02.19 14:34:13 INFO  es[][o.e.c.r.a.DiskThresholdMonitor] rerouting shards: [high disk watermark exceeded on one or more nodes]
2020.02.19 14:34:43 WARN  es[][o.e.c.r.a.DiskThresholdMonitor] high disk watermark [90%] exceeded on [w9O2ULLtRpC_qFX9Y9KVuA][sonarqube][C:\Users\swaroop\my-app\sonarqube-8.1.0.31237\data\es6\nodes\0] free: 10.3gb[5%], shards will be relocated away from this node
2020.02.19 14:35:13 WARN  es[][o.e.c.r.a.DiskThresholdMonitor] high disk watermark [90%] exceeded on [w9O2ULLtRpC_qFX9Y9KVuA][sonarqube][C:\Users\swaroop\my-app\sonarqube-8.1.0.31237\data\es6\nodes\0] free: 10.3gb[5%], shards will be relocated away from this node
2020.02.19 14:35:13 INFO  es[][o.e.c.r.a.DiskThresholdMonitor] rerouting shards: [high disk watermark exceeded on one or more nodes]
2020.02.19 14:35:43 WARN  es[][o.e.c.r.a.DiskThresholdMonitor] high disk watermark [90%] exceeded on [w9O2ULLtRpC_qFX9Y9KVuA][sonarqube][C:\Users\swaroop\my-app\sonarqube-8.1.0.31237\data\es6\nodes\0] free: 10.3gb[5%], shards will be relocated away from this node
2020.02.19 14:36:13 WARN  es[][o.e.c.r.a.DiskThresholdMonitor] high disk watermark [90%] exceeded on [w9O2ULLtRpC_qFX9Y9KVuA][sonarqube][C:\Users\swaroop\my-app\sonarqube-8.1.0.31237\data\es6\nodes\0] free: 10.3gb[5%], shards will be relocated away from this node
2020.02.19 14:36:13 INFO  es[][o.e.c.r.a.DiskThresholdMonitor] rerouting shards: [high disk watermark exceeded on one or more nodes]
2020.02.19 14:36:43 WARN  es[][o.e.c.r.a.DiskThresholdMonitor] high disk watermark [90%] exceeded on [w9O2ULLtRpC_qFX9Y9KVuA][sonarqube][C:\Users\swaroop\my-app\sonarqube-8.1.0.31237\data\es6\nodes\0] free: 10.3gb[5%], shards will be relocated away from this node
2020.02.19 14:37:13 WARN  es[][o.e.c.r.a.DiskThresholdMonitor] high disk watermark [90%] exceeded on [w9O2ULLtRpC_qFX9Y9KVuA][sonarqube][C:\Users\swaroop\my-app\sonarqube-8.1.0.31237\data\es6\nodes\0] free: 10.3gb[5%], shards will be relocated away from this node
2020.02.19 14:37:13 INFO  es[][o.e.c.r.a.DiskThresholdMonitor] rerouting shards: [high disk watermark exceeded on one or more nodes]
2020.02.19 14:37:43 WARN  es[][o.e.c.r.a.DiskThresholdMonitor] high disk watermark [90%] exceeded on [w9O2ULLtRpC_qFX9Y9KVuA][sonarqube][C:\Users\swaroop\my-app\sonarqube-8.1.0.31237\data\es6\nodes\0] free: 10.3gb[5%], shards will be relocated away from this node
2020.02.19 14:38:13 WARN  es[][o.e.c.r.a.DiskThresholdMonitor] high disk watermark [90%] exceeded on [w9O2ULLtRpC_qFX9Y9KVuA][sonarqube][C:\Users\swaroop\my-app\sonarqube-8.1.0.31237\data\es6\nodes\0] free: 10.3gb[5%], shards will be relocated away from this node
2020.02.19 14:38:13 INFO  es[][o.e.c.r.a.DiskThresholdMonitor] rerouting shards: [high disk watermark exceeded on one or more nodes]
2020.02.19 14:38:43 WARN  es[][o.e.c.r.a.DiskThresholdMonitor] high disk watermark [90%] exceeded on [w9O2ULLtRpC_qFX9Y9KVuA][sonarqube][C:\Users\swaroop\my-app\sonarqube-8.1.0.31237\data\es6\nodes\0] free: 10.3gb[5%], shards will be relocated away from this node
2020.02.19 14:39:13 WARN  es[][o.e.c.r.a.DiskThresholdMonitor] high disk watermark [90%] exceeded on [w9O2ULLtRpC_qFX9Y9KVuA][sonarqube][C:\Users\swaroop\my-app\sonarqube-8.1.0.31237\data\es6\nodes\0] free: 10.3gb[5%], shards will be relocated away from this node
2020.02.19 14:39:13 INFO  es[][o.e.c.r.a.DiskThresholdMonitor] rerouting shards: [high disk watermark exceeded on one or more nodes]
2020.02.19 14:39:43 WARN  es[][o.e.c.r.a.DiskThresholdMonitor] high disk watermark [90%] exceeded on [w9O2ULLtRpC_qFX9Y9KVuA][sonarqube][C:\Users\swaroop\my-app\sonarqube-8.1.0.31237\data\es6\nodes\0] free: 10.3gb[5%], shards will be relocated away from this node
2020.02.19 14:40:13 WARN  es[][o.e.c.r.a.DiskThresholdMonitor] high disk watermark [90%] exceeded on [w9O2ULLtRpC_qFX9Y9KVuA][sonarqube][C:\Users\swaroop\my-app\sonarqube-8.1.0.31237\data\es6\nodes\0] free: 10.3gb[5%], shards will be relocated away from this node
2020.02.19 14:40:13 INFO  es[][o.e.c.r.a.DiskThresholdMonitor] rerouting shards: [high disk watermark exceeded on one or more nodes]
2020.02.19 14:40:43 WARN  es[][o.e.c.r.a.DiskThresholdMonitor] high disk watermark [90%] exceeded on [w9O2ULLtRpC_qFX9Y9KVuA][sonarqube][C:\Users\swaroop\my-app\sonarqube-8.1.0.31237\data\es6\nodes\0] free: 10.3gb[5%], shards will be relocated away from this node
2020.02.19 14:41:14 WARN  es[][o.e.c.r.a.DiskThresholdMonitor] high disk watermark [90%] exceeded on [w9O2ULLtRpC_qFX9Y9KVuA][sonarqube][C:\Users\swaroop\my-app\sonarqube-8.1.0.31237\data\es6\nodes\0] free: 10.3gb[5%], shards will be relocated away from this node
2020.02.19 14:41:14 INFO  es[][o.e.c.r.a.DiskThresholdMonitor] rerouting shards: [high disk watermark exceeded on one or more nodes]
2020.02.19 14:41:44 WARN  es[][o.e.c.r.a.DiskThresholdMonitor] high disk watermark [90%] exceeded on [w9O2ULLtRpC_qFX9Y9KVuA][sonarqube][C:\Users\swaroop\my-app\sonarqube-8.1.0.31237\data\es6\nodes\0] free: 10.3gb[5%], shards will be relocated away from this node
2020.02.19 14:42:14 WARN  es[][o.e.c.r.a.DiskThresholdMonitor] high disk watermark [90%] exceeded on [w9O2ULLtRpC_qFX9Y9KVuA][sonarqube][C:\Users\swaroop\my-app\sonarqube-8.1.0.31237\data\es6\nodes\0] free: 10.3gb[5%], shards will be relocated away from this node
2020.02.19 14:42:14 INFO  es[][o.e.c.r.a.DiskThresholdMonitor] rerouting shards: [high disk watermark exceeded on one or more nodes]
2020.02.19 14:42:44 WARN  es[][o.e.c.r.a.DiskThresholdMonitor] high disk watermark [90%] exceeded on [w9O2ULLtRpC_qFX9Y9KVuA][sonarqube][C:\Users\swaroop\my-app\sonarqube-8.1.0.31237\data\es6\nodes\0] free: 10.3gb[5%], shards will be relocated away from this node
2020.02.19 14:43:14 WARN  es[][o.e.c.r.a.DiskThresholdMonitor] high disk watermark [90%] exceeded on [w9O2ULLtRpC_qFX9Y9KVuA][sonarqube][C:\Users\swaroop\my-app\sonarqube-8.1.0.31237\data\es6\nodes\0] free: 10.3gb[5%], shards will be relocated away from this node
2020.02.19 14:43:14 INFO  es[][o.e.c.r.a.DiskThresholdMonitor] rerouting shards: [high disk watermark exceeded on one or more nodes]
2020.02.19 14:43:44 WARN  es[][o.e.c.r.a.DiskThresholdMonitor] high disk watermark [90%] exceeded on [w9O2ULLtRpC_qFX9Y9KVuA][sonarqube][C:\Users\swaroop\my-app\sonarqube-8.1.0.31237\data\es6\nodes\0] free: 10.3gb[5%], shards will be relocated away from this node
2020.02.19 14:44:14 WARN  es[][o.e.c.r.a.DiskThresholdMonitor] high disk watermark [90%] exceeded on [w9O2ULLtRpC_qFX9Y9KVuA][sonarqube][C:\Users\swaroop\my-app\sonarqube-8.1.0.31237\data\es6\nodes\0] free: 10.3gb[5%], shards will be relocated away from this node
2020.02.19 14:44:14 INFO  es[][o.e.c.r.a.DiskThresholdMonitor] rerouting shards: [high disk watermark exceeded on one or more nodes]
2020.02.19 14:44:44 WARN  es[][o.e.c.r.a.DiskThresholdMonitor] flood stage disk watermark [95%] exceeded on [w9O2ULLtRpC_qFX9Y9KVuA][sonarqube][C:\Users\swaroop\my-app\sonarqube-8.1.0.31237\data\es6\nodes\0] free: 10.3gb[4.9%], all indices on this node will be marked read-only
2020.02.19 14:45:14 WARN  es[][o.e.c.r.a.DiskThresholdMonitor] flood stage disk watermark [95%] exceeded on [w9O2ULLtRpC_qFX9Y9KVuA][sonarqube][C:\Users\swaroop\my-app\sonarqube-8.1.0.31237\data\es6\nodes\0] free: 10.3gb[4.9%], all indices on this node will be marked read-only
2020.02.19 14:45:44 WARN  es[][o.e.c.r.a.DiskThresholdMonitor] flood stage disk watermark [95%] exceeded on [w9O2ULLtRpC_qFX9Y9KVuA][sonarqube][C:\Users\swaroop\my-app\sonarqube-8.1.0.31237\data\es6\nodes\0] free: 10.2gb[4.9%], all indices on this node will be marked read-only
2020.02.19 14:46:14 WARN  es[][o.e.c.r.a.DiskThresholdMonitor] high disk watermark [90%] exceeded on [w9O2ULLtRpC_qFX9Y9KVuA][sonarqube][C:\Users\swaroop\my-app\sonarqube-8.1.0.31237\data\es6\nodes\0] free: 10.6gb[5.1%], shards will be relocated away from this node
2020.02.19 14:46:14 INFO  es[][o.e.c.r.a.DiskThresholdMonitor] rerouting shards: [high disk watermark exceeded on one or more nodes]
2020.02.19 14:46:44 WARN  es[][o.e.c.r.a.DiskThresholdMonitor] high disk watermark [90%] exceeded on [w9O2ULLtRpC_qFX9Y9KVuA][sonarqube][C:\Users\swaroop\my-app\sonarqube-8.1.0.31237\data\es6\nodes\0] free: 10.6gb[5.1%], shards will be relocated away from this node
2020.02.19 14:47:14 WARN  es[][o.e.c.r.a.DiskThresholdMonitor] high disk watermark [90%] exceeded on [w9O2ULLtRpC_qFX9Y9KVuA][sonarqube][C:\Users\swaroop\my-app\sonarqube-8.1.0.31237\data\es6\nodes\0] free: 10.6gb[5.1%], shards will be relocated away from this node
2020.02.19 14:47:14 INFO  es[][o.e.c.r.a.DiskThresholdMonitor] rerouting shards: [high disk watermark exceeded on one or more nodes]
2020.02.19 14:47:44 WARN  es[][o.e.c.r.a.DiskThresholdMonitor] high disk watermark [90%] exceeded on [w9O2ULLtRpC_qFX9Y9KVuA][sonarqube][C:\Users\swaroop\my-app\sonarqube-8.1.0.31237\data\es6\nodes\0] free: 10.6gb[5.1%], shards will be relocated away from this node
2020.02.19 14:48:14 WARN  es[][o.e.c.r.a.DiskThresholdMonitor] high disk watermark [90%] exceeded on [w9O2ULLtRpC_qFX9Y9KVuA][sonarqube][C:\Users\swaroop\my-app\sonarqube-8.1.0.31237\data\es6\nodes\0] free: 10.6gb[5.1%], shards will be relocated away from this node
2020.02.19 14:48:14 INFO  es[][o.e.c.r.a.DiskThresholdMonitor] rerouting shards: [high disk watermark exceeded on one or more nodes]
2020.02.19 14:48:44 WARN  es[][o.e.c.r.a.DiskThresholdMonitor] high disk watermark [90%] exceeded on [w9O2ULLtRpC_qFX9Y9KVuA][sonarqube][C:\Users\swaroop\my-app\sonarqube-8.1.0.31237\data\es6\nodes\0] free: 10.6gb[5.1%], shards will be relocated away from this node
2020.02.19 14:49:14 WARN  es[][o.e.c.r.a.DiskThresholdMonitor] high disk watermark [90%] exceeded on [w9O2ULLtRpC_qFX9Y9KVuA][sonarqube][C:\Users\swaroop\my-app\sonarqube-8.1.0.31237\data\es6\nodes\0] free: 10.6gb[5.1%], shards will be relocated away from this node
2020.02.19 14:49:14 INFO  es[][o.e.c.r.a.DiskThresholdMonitor] rerouting shards: [high disk watermark exceeded on one or more nodes]
2020.02.19 14:49:44 WARN  es[][o.e.c.r.a.DiskThresholdMonitor] high disk watermark [90%] exceeded on [w9O2ULLtRpC_qFX9Y9KVuA][sonarqube][C:\Users\swaroop\my-app\sonarqube-8.1.0.31237\data\es6\nodes\0] free: 10.6gb[5.1%], shards will be relocated away from this node
2020.02.19 14:50:14 WARN  es[][o.e.c.r.a.DiskThresholdMonitor] high disk watermark [90%] exceeded on [w9O2ULLtRpC_qFX9Y9KVuA][sonarqube][C:\Users\swaroop\my-app\sonarqube-8.1.0.31237\data\es6\nodes\0] free: 10.6gb[5.1%], shards will be relocated away from this node
2020.02.19 14:50:14 INFO  es[][o.e.c.r.a.DiskThresholdMonitor] rerouting shards: [high disk watermark exceeded on one or more nodes]
2020.02.19 14:50:44 WARN  es[][o.e.c.r.a.DiskThresholdMonitor] high disk watermark [90%] exceeded on [w9O2ULLtRpC_qFX9Y9KVuA][sonarqube][C:\Users\swaroop\my-app\sonarqube-8.1.0.31237\data\es6\nodes\0] free: 10.6gb[5.1%], shards will be relocated away from this node
2020.02.19 14:51:14 WARN  es[][o.e.c.r.a.DiskThresholdMonitor] high disk watermark [90%] exceeded on [w9O2ULLtRpC_qFX9Y9KVuA][sonarqube][C:\Users\swaroop\my-app\sonarqube-8.1.0.31237\data\es6\nodes\0] free: 10.8gb[5.2%], shards will be relocated away from this node
2020.02.19 14:51:14 INFO  es[][o.e.c.r.a.DiskThresholdMonitor] rerouting shards: [high disk watermark exceeded on one or more nodes]
2020.02.19 14:51:44 WARN  es[][o.e.c.r.a.DiskThresholdMonitor] high disk watermark [90%] exceeded on [w9O2ULLtRpC_qFX9Y9KVuA][sonarqube][C:\Users\swaroop\my-app\sonarqube-8.1.0.31237\data\es6\nodes\0] free: 10.7gb[5.2%], shards will be relocated away from this node
2020.02.19 14:52:14 WARN  es[][o.e.c.r.a.DiskThresholdMonitor] high disk watermark [90%] exceeded on [w9O2ULLtRpC_qFX9Y9KVuA][sonarqube][C:\Users\swaroop\my-app\sonarqube-8.1.0.31237\data\es6\nodes\0] free: 10.7gb[5.2%], shards will be relocated away from this node
2020.02.19 14:52:14 INFO  es[][o.e.c.r.a.DiskThresholdMonitor] rerouting shards: [high disk watermark exceeded on one or more nodes]
2020.02.19 14:52:44 WARN  es[][o.e.c.r.a.DiskThresholdMonitor] high disk watermark [90%] exceeded on [w9O2ULLtRpC_qFX9Y9KVuA][sonarqube][C:\Users\swaroop\my-app\sonarqube-8.1.0.31237\data\es6\nodes\0] free: 10.7gb[5.2%], shards will be relocated away from this node
2020.02.19 14:53:14 WARN  es[][o.e.c.r.a.DiskThresholdMonitor] high disk watermark [90%] exceeded on [w9O2ULLtRpC_qFX9Y9KVuA][sonarqube][C:\Users\swaroop\my-app\sonarqube-8.1.0.31237\data\es6\nodes\0] free: 10.7gb[5.2%], shards will be relocated away from this node
2020.02.19 14:53:14 INFO  es[][o.e.c.r.a.DiskThresholdMonitor] rerouting shards: [high disk watermark exceeded on one or more nodes]
2020.02.19 14:53:44 WARN  es[][o.e.c.r.a.DiskThresholdMonitor] high disk watermark [90%] exceeded on [w9O2ULLtRpC_qFX9Y9KVuA][sonarqube][C:\Users\swaroop\my-app\sonarqube-8.1.0.31237\data\es6\nodes\0] free: 10.7gb[5.2%], shards will be relocated away from this node
2020.02.19 14:54:14 WARN  es[][o.e.c.r.a.DiskThresholdMonitor] high disk watermark [90%] exceeded on [w9O2ULLtRpC_qFX9Y9KVuA][sonarqube][C:\Users\swaroop\my-app\sonarqube-8.1.0.31237\data\es6\nodes\0] free: 10.7gb[5.2%], shards will be relocated away from this node
2020.02.19 14:54:14 INFO  es[][o.e.c.r.a.DiskThresholdMonitor] rerouting shards: [high disk watermark exceeded on one or more nodes]
2020.02.19 14:54:44 WARN  es[][o.e.c.r.a.DiskThresholdMonitor] high disk watermark [90%] exceeded on [w9O2ULLtRpC_qFX9Y9KVuA][sonarqube][C:\Users\swaroop\my-app\sonarqube-8.1.0.31237\data\es6\nodes\0] free: 10.7gb[5.2%], shards will be relocated away from this node
2020.02.19 14:55:14 WARN  es[][o.e.c.r.a.DiskThresholdMonitor] high disk watermark [90%] exceeded on [w9O2ULLtRpC_qFX9Y9KVuA][sonarqube][C:\Users\swaroop\my-app\sonarqube-8.1.0.31237\data\es6\nodes\0] free: 10.7gb[5.2%], shards will be relocated away from this node
2020.02.19 14:55:14 INFO  es[][o.e.c.r.a.DiskThresholdMonitor] rerouting shards: [high disk watermark exceeded on one or more nodes]
2020.02.19 14:55:44 WARN  es[][o.e.c.r.a.DiskThresholdMonitor] high disk watermark [90%] exceeded on [w9O2ULLtRpC_qFX9Y9KVuA][sonarqube][C:\Users\swaroop\my-app\sonarqube-8.1.0.31237\data\es6\nodes\0] free: 10.7gb[5.2%], shards will be relocated away from this node
2020.02.19 14:56:14 WARN  es[][o.e.c.r.a.DiskThresholdMonitor] high disk watermark [90%] exceeded on [w9O2ULLtRpC_qFX9Y9KVuA][sonarqube][C:\Users\swaroop\my-app\sonarqube-8.1.0.31237\data\es6\nodes\0] free: 11.6gb[5.6%], shards will be relocated away from this node
2020.02.19 14:56:14 INFO  es[][o.e.c.r.a.DiskThresholdMonitor] rerouting shards: [high disk watermark exceeded on one or more nodes]
2020.02.19 14:56:44 WARN  es[][o.e.c.r.a.DiskThresholdMonitor] high disk watermark [90%] exceeded on [w9O2ULLtRpC_qFX9Y9KVuA][sonarqube][C:\Users\swaroop\my-app\sonarqube-8.1.0.31237\data\es6\nodes\0] free: 11.6gb[5.6%], shards will be relocated away from this node
2020.02.19 14:57:14 WARN  es[][o.e.c.r.a.DiskThresholdMonitor] high disk watermark [90%] exceeded on [w9O2ULLtRpC_qFX9Y9KVuA][sonarqube][C:\Users\swaroop\my-app\sonarqube-8.1.0.31237\data\es6\nodes\0] free: 11.6gb[5.6%], shards will be relocated away from this node
2020.02.19 14:57:14 INFO  es[][o.e.c.r.a.DiskThresholdMonitor] rerouting shards: [high disk watermark exceeded on one or more nodes]
2020.02.19 14:57:44 WARN  es[][o.e.c.r.a.DiskThresholdMonitor] high disk watermark [90%] exceeded on [w9O2ULLtRpC_qFX9Y9KVuA][sonarqube][C:\Users\swaroop\my-app\sonarqube-8.1.0.31237\data\es6\nodes\0] free: 11.6gb[5.6%], shards will be relocated away from this node
2020.02.19 14:58:14 WARN  es[][o.e.c.r.a.DiskThresholdMonitor] high disk watermark [90%] exceeded on [w9O2ULLtRpC_qFX9Y9KVuA][sonarqube][C:\Users\swaroop\my-app\sonarqube-8.1.0.31237\data\es6\nodes\0] free: 11.6gb[5.6%], shards will be relocated away from this node
2020.02.19 14:58:14 INFO  es[][o.e.c.r.a.DiskThresholdMonitor] rerouting shards: [high disk watermark exceeded on one or more nodes]
2020.02.19 14:58:44 WARN  es[][o.e.c.r.a.DiskThresholdMonitor] high disk watermark [90%] exceeded on [w9O2ULLtRpC_qFX9Y9KVuA][sonarqube][C:\Users\swaroop\my-app\sonarqube-8.1.0.31237\data\es6\nodes\0] free: 11.6gb[5.6%], shards will be relocated away from this node
2020.02.19 14:59:14 WARN  es[][o.e.c.r.a.DiskThresholdMonitor] high disk watermark [90%] exceeded on [w9O2ULLtRpC_qFX9Y9KVuA][sonarqube][C:\Users\swaroop\my-app\sonarqube-8.1.0.31237\data\es6\nodes\0] free: 11.6gb[5.6%], shards will be relocated away from this node
2020.02.19 14:59:14 INFO  es[][o.e.c.r.a.DiskThresholdMonitor] rerouting shards: [high disk watermark exceeded on one or more nodes]
2020.02.19 14:59:44 WARN  es[][o.e.c.r.a.DiskThresholdMonitor] high disk watermark [90%] exceeded on [w9O2ULLtRpC_qFX9Y9KVuA][sonarqube][C:\Users\swaroop\my-app\sonarqube-8.1.0.31237\data\es6\nodes\0] free: 11.6gb[5.6%], shards will be relocated away from this node
2020.02.19 15:00:14 WARN  es[][o.e.c.r.a.DiskThresholdMonitor] high disk watermark [90%] exceeded on [w9O2ULLtRpC_qFX9Y9KVuA][sonarqube][C:\Users\swaroop\my-app\sonarqube-8.1.0.31237\data\es6\nodes\0] free: 11.6gb[5.6%], shards will be relocated away from this node
2020.02.19 15:00:14 INFO  es[][o.e.c.r.a.DiskThresholdMonitor] rerouting shards: [high disk watermark exceeded on one or more nodes]
2020.02.19 15:00:44 WARN  es[][o.e.c.r.a.DiskThresholdMonitor] high disk watermark [90%] exceeded on [w9O2ULLtRpC_qFX9Y9KVuA][sonarqube][C:\Users\swaroop\my-app\sonarqube-8.1.0.31237\data\es6\nodes\0] free: 11.6gb[5.6%], shards will be relocated away from this node
2020.02.19 15:01:14 WARN  es[][o.e.c.r.a.DiskThresholdMonitor] high disk watermark [90%] exceeded on [w9O2ULLtRpC_qFX9Y9KVuA][sonarqube][C:\Users\swaroop\my-app\sonarqube-8.1.0.31237\data\es6\nodes\0] free: 11.5gb[5.6%], shards will be relocated away from this node
2020.02.19 15:01:14 INFO  es[][o.e.c.r.a.DiskThresholdMonitor] rerouting shards: [high disk watermark exceeded on one or more nodes]
2020.02.19 15:01:44 WARN  es[][o.e.c.r.a.DiskThresholdMonitor] high disk watermark [90%] exceeded on [w9O2ULLtRpC_qFX9Y9KVuA][sonarqube][C:\Users\swaroop\my-app\sonarqube-8.1.0.31237\data\es6\nodes\0] free: 11.5gb[5.6%], shards will be relocated away from this node
2020.02.19 15:02:14 WARN  es[][o.e.c.r.a.DiskThresholdMonitor] high disk watermark [90%] exceeded on [w9O2ULLtRpC_qFX9Y9KVuA][sonarqube][C:\Users\swaroop\my-app\sonarqube-8.1.0.31237\data\es6\nodes\0] free: 11.5gb[5.6%], shards will be relocated away from this node
2020.02.19 15:02:14 INFO  es[][o.e.c.r.a.DiskThresholdMonitor] rerouting shards: [high disk watermark exceeded on one or more nodes]
2020.02.19 15:02:44 WARN  es[][o.e.c.r.a.DiskThresholdMonitor] high disk watermark [90%] exceeded on [w9O2ULLtRpC_qFX9Y9KVuA][sonarqube][C:\Users\swaroop\my-app\sonarqube-8.1.0.31237\data\es6\nodes\0] free: 11.5gb[5.6%], shards will be relocated away from this node
2020.02.19 15:03:14 WARN  es[][o.e.c.r.a.DiskThresholdMonitor] high disk watermark [90%] exceeded on [w9O2ULLtRpC_qFX9Y9KVuA][sonarqube][C:\Users\swaroop\my-app\sonarqube-8.1.0.31237\data\es6\nodes\0] free: 11.5gb[5.6%], shards will be relocated away from this node
2020.02.19 15:03:14 INFO  es[][o.e.c.r.a.DiskThresholdMonitor] rerouting shards: [high disk watermark exceeded on one or more nodes]
2020.02.19 15:03:44 WARN  es[][o.e.c.r.a.DiskThresholdMonitor] high disk watermark [90%] exceeded on [w9O2ULLtRpC_qFX9Y9KVuA][sonarqube][C:\Users\swaroop\my-app\sonarqube-8.1.0.31237\data\es6\nodes\0] free: 11.5gb[5.6%], shards will be relocated away from this node
2020.02.19 15:04:14 WARN  es[][o.e.c.r.a.DiskThresholdMonitor] high disk watermark [90%] exceeded on [w9O2ULLtRpC_qFX9Y9KVuA][sonarqube][C:\Users\swaroop\my-app\sonarqube-8.1.0.31237\data\es6\nodes\0] free: 11.5gb[5.6%], shards will be relocated away from this node
2020.02.19 15:04:14 INFO  es[][o.e.c.r.a.DiskThresholdMonitor] rerouting shards: [high disk watermark exceeded on one or more nodes]
2020.02.19 15:04:44 WARN  es[][o.e.c.r.a.DiskThresholdMonitor] high disk watermark [90%] exceeded on [w9O2ULLtRpC_qFX9Y9KVuA][sonarqube][C:\Users\swaroop\my-app\sonarqube-8.1.0.31237\data\es6\nodes\0] free: 11.5gb[5.6%], shards will be relocated away from this node
2020.02.19 15:05:14 WARN  es[][o.e.c.r.a.DiskThresholdMonitor] high disk watermark [90%] exceeded on [w9O2ULLtRpC_qFX9Y9KVuA][sonarqube][C:\Users\swaroop\my-app\sonarqube-8.1.0.31237\data\es6\nodes\0] free: 11.5gb[5.6%], shards will be relocated away from this node
2020.02.19 15:05:14 INFO  es[][o.e.c.r.a.DiskThresholdMonitor] rerouting shards: [high disk watermark exceeded on one or more nodes]
2020.02.19 15:05:44 WARN  es[][o.e.c.r.a.DiskThresholdMonitor] high disk watermark [90%] exceeded on [w9O2ULLtRpC_qFX9Y9KVuA][sonarqube][C:\Users\swaroop\my-app\sonarqube-8.1.0.31237\data\es6\nodes\0] free: 11.5gb[5.6%], shards will be relocated away from this node
2020.02.19 15:06:14 WARN  es[][o.e.c.r.a.DiskThresholdMonitor] high disk watermark [90%] exceeded on [w9O2ULLtRpC_qFX9Y9KVuA][sonarqube][C:\Users\swaroop\my-app\sonarqube-8.1.0.31237\data\es6\nodes\0] free: 11.5gb[5.6%], shards will be relocated away from this node
2020.02.19 15:06:14 INFO  es[][o.e.c.r.a.DiskThresholdMonitor] rerouting shards: [high disk watermark exceeded on one or more nodes]
2020.02.19 15:06:44 WARN  es[][o.e.c.r.a.DiskThresholdMonitor] high disk watermark [90%] exceeded on [w9O2ULLtRpC_qFX9Y9KVuA][sonarqube][C:\Users\swaroop\my-app\sonarqube-8.1.0.31237\data\es6\nodes\0] free: 11.5gb[5.6%], shards will be relocated away from this node
2020.02.19 15:07:14 WARN  es[][o.e.c.r.a.DiskThresholdMonitor] high disk watermark [90%] exceeded on [w9O2ULLtRpC_qFX9Y9KVuA][sonarqube][C:\Users\swaroop\my-app\sonarqube-8.1.0.31237\data\es6\nodes\0] free: 11.5gb[5.5%], shards will be relocated away from this node
2020.02.19 15:07:14 INFO  es[][o.e.c.r.a.DiskThresholdMonitor] rerouting shards: [high disk watermark exceeded on one or more nodes]
2020.02.19 15:07:44 WARN  es[][o.e.c.r.a.DiskThresholdMonitor] high disk watermark [90%] exceeded on [w9O2ULLtRpC_qFX9Y9KVuA][sonarqube][C:\Users\swaroop\my-app\sonarqube-8.1.0.31237\data\es6\nodes\0] free: 11.5gb[5.6%], shards will be relocated away from this node
2020.02.19 15:08:14 WARN  es[][o.e.c.r.a.DiskThresholdMonitor] high disk watermark [90%] exceeded on [w9O2ULLtRpC_qFX9Y9KVuA][sonarqube][C:\Users\swaroop\my-app\sonarqube-8.1.0.31237\data\es6\nodes\0] free: 11.5gb[5.5%], shards will be relocated away from this node
2020.02.19 15:08:14 INFO  es[][o.e.c.r.a.DiskThresholdMonitor] rerouting shards: [high disk watermark exceeded on one or more nodes]
2020.02.19 15:08:44 WARN  es[][o.e.c.r.a.DiskThresholdMonitor] high disk watermark [90%] exceeded on [w9O2ULLtRpC_qFX9Y9KVuA][sonarqube][C:\Users\swaroop\my-app\sonarqube-8.1.0.31237\data\es6\nodes\0] free: 11.5gb[5.5%], shards will be relocated away from this node
2020.02.19 15:09:14 WARN  es[][o.e.c.r.a.DiskThresholdMonitor] high disk watermark [90%] exceeded on [w9O2ULLtRpC_qFX9Y9KVuA][sonarqube][C:\Users\swaroop\my-app\sonarqube-8.1.0.31237\data\es6\nodes\0] free: 11.5gb[5.5%], shards will be relocated away from this node
2020.02.19 15:09:14 INFO  es[][o.e.c.r.a.DiskThresholdMonitor] rerouting shards: [high disk watermark exceeded on one or more nodes]
2020.02.19 15:09:44 WARN  es[][o.e.c.r.a.DiskThresholdMonitor] high disk watermark [90%] exceeded on [w9O2ULLtRpC_qFX9Y9KVuA][sonarqube][C:\Users\swaroop\my-app\sonarqube-8.1.0.31237\data\es6\nodes\0] free: 11.5gb[5.5%], shards will be relocated away from this node
2020.02.19 15:10:14 WARN  es[][o.e.c.r.a.DiskThresholdMonitor] high disk watermark [90%] exceeded on [w9O2ULLtRpC_qFX9Y9KVuA][sonarqube][C:\Users\swaroop\my-app\sonarqube-8.1.0.31237\data\es6\nodes\0] free: 11.5gb[5.5%], shards will be relocated away from this node
2020.02.19 15:10:14 INFO  es[][o.e.c.r.a.DiskThresholdMonitor] rerouting shards: [high disk watermark exceeded on one or more nodes]
2020.02.19 15:10:44 WARN  es[][o.e.c.r.a.DiskThresholdMonitor] high disk watermark [90%] exceeded on [w9O2ULLtRpC_qFX9Y9KVuA][sonarqube][C:\Users\swaroop\my-app\sonarqube-8.1.0.31237\data\es6\nodes\0] free: 11.5gb[5.5%], shards will be relocated away from this node
2020.02.19 15:11:14 WARN  es[][o.e.c.r.a.DiskThresholdMonitor] high disk watermark [90%] exceeded on [w9O2ULLtRpC_qFX9Y9KVuA][sonarqube][C:\Users\swaroop\my-app\sonarqube-8.1.0.31237\data\es6\nodes\0] free: 11.5gb[5.5%], shards will be relocated away from this node
2020.02.19 15:11:14 INFO  es[][o.e.c.r.a.DiskThresholdMonitor] rerouting shards: [high disk watermark exceeded on one or more nodes]
2020.02.19 15:11:44 WARN  es[][o.e.c.r.a.DiskThresholdMonitor] high disk watermark [90%] exceeded on [w9O2ULLtRpC_qFX9Y9KVuA][sonarqube][C:\Users\swaroop\my-app\sonarqube-8.1.0.31237\data\es6\nodes\0] free: 11.5gb[5.5%], shards will be relocated away from this node
2020.02.19 15:12:14 WARN  es[][o.e.c.r.a.DiskThresholdMonitor] high disk watermark [90%] exceeded on [w9O2ULLtRpC_qFX9Y9KVuA][sonarqube][C:\Users\swaroop\my-app\sonarqube-8.1.0.31237\data\es6\nodes\0] free: 11.5gb[5.5%], shards will be relocated away from this node
2020.02.19 15:12:14 INFO  es[][o.e.c.r.a.DiskThresholdMonitor] rerouting shards: [high disk watermark exceeded on one or more nodes]
2020.02.19 15:12:44 WARN  es[][o.e.c.r.a.DiskThresholdMonitor] high disk watermark [90%] exceeded on [w9O2ULLtRpC_qFX9Y9KVuA][sonarqube][C:\Users\swaroop\my-app\sonarqube-8.1.0.31237\data\es6\nodes\0] free: 11.5gb[5.5%], shards will be relocated away from this node
2020.02.19 15:13:14 WARN  es[][o.e.c.r.a.DiskThresholdMonitor] high disk watermark [90%] exceeded on [w9O2ULLtRpC_qFX9Y9KVuA][sonarqube][C:\Users\swaroop\my-app\sonarqube-8.1.0.31237\data\es6\nodes\0] free: 11.5gb[5.5%], shards will be relocated away from this node
2020.02.19 15:13:14 INFO  es[][o.e.c.r.a.DiskThresholdMonitor] rerouting shards: [high disk watermark exceeded on one or more nodes]
2020.02.19 15:13:44 WARN  es[][o.e.c.r.a.DiskThresholdMonitor] high disk watermark [90%] exceeded on [w9O2ULLtRpC_qFX9Y9KVuA][sonarqube][C:\Users\swaroop\my-app\sonarqube-8.1.0.31237\data\es6\nodes\0] free: 11.5gb[5.5%], shards will be relocated away from this node
2020.02.19 15:14:14 WARN  es[][o.e.c.r.a.DiskThresholdMonitor] high disk watermark [90%] exceeded on [w9O2ULLtRpC_qFX9Y9KVuA][sonarqube][C:\Users\swaroop\my-app\sonarqube-8.1.0.31237\data\es6\nodes\0] free: 11.5gb[5.5%], shards will be relocated away from this node
2020.02.19 15:14:14 INFO  es[][o.e.c.r.a.DiskThresholdMonitor] rerouting shards: [high disk watermark exceeded on one or more nodes]
2020.02.19 15:14:44 WARN  es[][o.e.c.r.a.DiskThresholdMonitor] high disk watermark [90%] exceeded on [w9O2ULLtRpC_qFX9Y9KVuA][sonarqube][C:\Users\swaroop\my-app\sonarqube-8.1.0.31237\data\es6\nodes\0] free: 11.5gb[5.5%], shards will be relocated away from this node
2020.02.19 15:15:14 WARN  es[][o.e.c.r.a.DiskThresholdMonitor] high disk watermark [90%] exceeded on [w9O2ULLtRpC_qFX9Y9KVuA][sonarqube][C:\Users\swaroop\my-app\sonarqube-8.1.0.31237\data\es6\nodes\0] free: 11.4gb[5.5%], shards will be relocated away from this node
2020.02.19 15:15:14 INFO  es[][o.e.c.r.a.DiskThresholdMonitor] rerouting shards: [high disk watermark exceeded on one or more nodes]
2020.02.19 15:15:44 WARN  es[][o.e.c.r.a.DiskThresholdMonitor] high disk watermark [90%] exceeded on [w9O2ULLtRpC_qFX9Y9KVuA][sonarqube][C:\Users\swaroop\my-app\sonarqube-8.1.0.31237\data\es6\nodes\0] free: 11.4gb[5.5%], shards will be relocated away from this node
2020.02.19 15:16:14 WARN  es[][o.e.c.r.a.DiskThresholdMonitor] high disk watermark [90%] exceeded on [w9O2ULLtRpC_qFX9Y9KVuA][sonarqube][C:\Users\swaroop\my-app\sonarqube-8.1.0.31237\data\es6\nodes\0] free: 11.4gb[5.5%], shards will be relocated away from this node
2020.02.19 15:16:14 INFO  es[][o.e.c.r.a.DiskThresholdMonitor] rerouting shards: [high disk watermark exceeded on one or more nodes]
2020.02.19 15:16:44 WARN  es[][o.e.c.r.a.DiskThresholdMonitor] high disk watermark [90%] exceeded on [w9O2ULLtRpC_qFX9Y9KVuA][sonarqube][C:\Users\swaroop\my-app\sonarqube-8.1.0.31237\data\es6\nodes\0] free: 11.4gb[5.5%], shards will be relocated away from this node
2020.02.19 15:17:14 WARN  es[][o.e.c.r.a.DiskThresholdMonitor] high disk watermark [90%] exceeded on [w9O2ULLtRpC_qFX9Y9KVuA][sonarqube][C:\Users\swaroop\my-app\sonarqube-8.1.0.31237\data\es6\nodes\0] free: 11.4gb[5.5%], shards will be relocated away from this node
2020.02.19 15:17:14 INFO  es[][o.e.c.r.a.DiskThresholdMonitor] rerouting shards: [high disk watermark exceeded on one or more nodes]
2020.02.19 15:17:44 WARN  es[][o.e.c.r.a.DiskThresholdMonitor] high disk watermark [90%] exceeded on [w9O2ULLtRpC_qFX9Y9KVuA][sonarqube][C:\Users\swaroop\my-app\sonarqube-8.1.0.31237\data\es6\nodes\0] free: 11.4gb[5.5%], shards will be relocated away from this node
2020.02.19 15:18:14 WARN  es[][o.e.c.r.a.DiskThresholdMonitor] high disk watermark [90%] exceeded on [w9O2ULLtRpC_qFX9Y9KVuA][sonarqube][C:\Users\swaroop\my-app\sonarqube-8.1.0.31237\data\es6\nodes\0] free: 11.4gb[5.5%], shards will be relocated away from this node
2020.02.19 15:18:14 INFO  es[][o.e.c.r.a.DiskThresholdMonitor] rerouting shards: [high disk watermark exceeded on one or more nodes]
2020.02.19 15:18:44 WARN  es[][o.e.c.r.a.DiskThresholdMonitor] high disk watermark [90%] exceeded on [w9O2ULLtRpC_qFX9Y9KVuA][sonarqube][C:\Users\swaroop\my-app\sonarqube-8.1.0.31237\data\es6\nodes\0] free: 11.4gb[5.5%], shards will be relocated away from this node
2020.02.19 15:19:14 WARN  es[][o.e.c.r.a.DiskThresholdMonitor] high disk watermark [90%] exceeded on [w9O2ULLtRpC_qFX9Y9KVuA][sonarqube][C:\Users\swaroop\my-app\sonarqube-8.1.0.31237\data\es6\nodes\0] free: 11.4gb[5.5%], shards will be relocated away from this node
2020.02.19 15:19:14 INFO  es[][o.e.c.r.a.DiskThresholdMonitor] rerouting shards: [high disk watermark exceeded on one or more nodes]
2020.02.19 15:19:44 WARN  es[][o.e.c.r.a.DiskThresholdMonitor] high disk watermark [90%] exceeded on [w9O2ULLtRpC_qFX9Y9KVuA][sonarqube][C:\Users\swaroop\my-app\sonarqube-8.1.0.31237\data\es6\nodes\0] free: 11.4gb[5.5%], shards will be relocated away from this node
2020.02.19 15:20:14 WARN  es[][o.e.c.r.a.DiskThresholdMonitor] high disk watermark [90%] exceeded on [w9O2ULLtRpC_qFX9Y9KVuA][sonarqube][C:\Users\swaroop\my-app\sonarqube-8.1.0.31237\data\es6\nodes\0] free: 11.4gb[5.5%], shards will be relocated away from this node
2020.02.19 15:20:14 INFO  es[][o.e.c.r.a.DiskThresholdMonitor] rerouting shards: [high disk watermark exceeded on one or more nodes]
2020.02.19 15:20:44 WARN  es[][o.e.c.r.a.DiskThresholdMonitor] high disk watermark [90%] exceeded on [w9O2ULLtRpC_qFX9Y9KVuA][sonarqube][C:\Users\swaroop\my-app\sonarqube-8.1.0.31237\data\es6\nodes\0] free: 11.4gb[5.5%], shards will be relocated away from this node
2020.02.19 15:21:14 WARN  es[][o.e.c.r.a.DiskThresholdMonitor] high disk watermark [90%] exceeded on [w9O2ULLtRpC_qFX9Y9KVuA][sonarqube][C:\Users\swaroop\my-app\sonarqube-8.1.0.31237\data\es6\nodes\0] free: 11.4gb[5.5%], shards will be relocated away from this node
2020.02.19 15:21:14 INFO  es[][o.e.c.r.a.DiskThresholdMonitor] rerouting shards: [high disk watermark exceeded on one or more nodes]
2020.02.19 15:21:44 WARN  es[][o.e.c.r.a.DiskThresholdMonitor] high disk watermark [90%] exceeded on [w9O2ULLtRpC_qFX9Y9KVuA][sonarqube][C:\Users\swaroop\my-app\sonarqube-8.1.0.31237\data\es6\nodes\0] free: 11.4gb[5.5%], shards will be relocated away from this node
2020.02.19 15:22:14 WARN  es[][o.e.c.r.a.DiskThresholdMonitor] high disk watermark [90%] exceeded on [w9O2ULLtRpC_qFX9Y9KVuA][sonarqube][C:\Users\swaroop\my-app\sonarqube-8.1.0.31237\data\es6\nodes\0] free: 11.4gb[5.5%], shards will be relocated away from this node
2020.02.19 15:22:14 INFO  es[][o.e.c.r.a.DiskThresholdMonitor] rerouting shards: [high disk watermark exceeded on one or more nodes]
2020.02.19 15:22:44 WARN  es[][o.e.c.r.a.DiskThresholdMonitor] high disk watermark [90%] exceeded on [w9O2ULLtRpC_qFX9Y9KVuA][sonarqube][C:\Users\swaroop\my-app\sonarqube-8.1.0.31237\data\es6\nodes\0] free: 11.4gb[5.5%], shards will be relocated away from this node
2020.02.19 15:23:14 WARN  es[][o.e.c.r.a.DiskThresholdMonitor] high disk watermark [90%] exceeded on [w9O2ULLtRpC_qFX9Y9KVuA][sonarqube][C:\Users\swaroop\my-app\sonarqube-8.1.0.31237\data\es6\nodes\0] free: 11.4gb[5.5%], shards will be relocated away from this node
2020.02.19 15:23:14 INFO  es[][o.e.c.r.a.DiskThresholdMonitor] rerouting shards: [high disk watermark exceeded on one or more nodes]
2020.02.19 15:23:44 WARN  es[][o.e.c.r.a.DiskThresholdMonitor] high disk watermark [90%] exceeded on [w9O2ULLtRpC_qFX9Y9KVuA][sonarqube][C:\Users\swaroop\my-app\sonarqube-8.1.0.31237\data\es6\nodes\0] free: 11.4gb[5.5%], shards will be relocated away from this node
2020.02.19 15:24:14 WARN  es[][o.e.c.r.a.DiskThresholdMonitor] high disk watermark [90%] exceeded on [w9O2ULLtRpC_qFX9Y9KVuA][sonarqube][C:\Users\swaroop\my-app\sonarqube-8.1.0.31237\data\es6\nodes\0] free: 11.4gb[5.5%], shards will be relocated away from this node
2020.02.19 15:24:14 INFO  es[][o.e.c.r.a.DiskThresholdMonitor] rerouting shards: [high disk watermark exceeded on one or more nodes]
2020.02.19 15:24:44 WARN  es[][o.e.c.r.a.DiskThresholdMonitor] high disk watermark [90%] exceeded on [w9O2ULLtRpC_qFX9Y9KVuA][sonarqube][C:\Users\swaroop\my-app\sonarqube-8.1.0.31237\data\es6\nodes\0] free: 11.4gb[5.5%], shards will be relocated away from this node
2020.02.19 15:25:14 WARN  es[][o.e.c.r.a.DiskThresholdMonitor] high disk watermark [90%] exceeded on [w9O2ULLtRpC_qFX9Y9KVuA][sonarqube][C:\Users\swaroop\my-app\sonarqube-8.1.0.31237\data\es6\nodes\0] free: 11.4gb[5.5%], shards will be relocated away from this node
2020.02.19 15:25:14 INFO  es[][o.e.c.r.a.DiskThresholdMonitor] rerouting shards: [high disk watermark exceeded on one or more nodes]
2020.02.19 15:25:44 WARN  es[][o.e.c.r.a.DiskThresholdMonitor] high disk watermark [90%] exceeded on [w9O2ULLtRpC_qFX9Y9KVuA][sonarqube][C:\Users\swaroop\my-app\sonarqube-8.1.0.31237\data\es6\nodes\0] free: 11.4gb[5.5%], shards will be relocated away from this node
2020.02.19 15:26:14 WARN  es[][o.e.c.r.a.DiskThresholdMonitor] high disk watermark [90%] exceeded on [w9O2ULLtRpC_qFX9Y9KVuA][sonarqube][C:\Users\swaroop\my-app\sonarqube-8.1.0.31237\data\es6\nodes\0] free: 11.4gb[5.5%], shards will be relocated away from this node
2020.02.19 15:26:14 INFO  es[][o.e.c.r.a.DiskThresholdMonitor] rerouting shards: [high disk watermark exceeded on one or more nodes]
2020.02.19 15:26:44 WARN  es[][o.e.c.r.a.DiskThresholdMonitor] high disk watermark [90%] exceeded on [w9O2ULLtRpC_qFX9Y9KVuA][sonarqube][C:\Users\swaroop\my-app\sonarqube-8.1.0.31237\data\es6\nodes\0] free: 11.4gb[5.5%], shards will be relocated away from this node
2020.02.19 15:27:14 WARN  es[][o.e.c.r.a.DiskThresholdMonitor] high disk watermark [90%] exceeded on [w9O2ULLtRpC_qFX9Y9KVuA][sonarqube][C:\Users\swaroop\my-app\sonarqube-8.1.0.31237\data\es6\nodes\0] free: 11.4gb[5.5%], shards will be relocated away from this node
2020.02.19 15:27:14 INFO  es[][o.e.c.r.a.DiskThresholdMonitor] rerouting shards: [high disk watermark exceeded on one or more nodes]
2020.02.19 15:27:44 WARN  es[][o.e.c.r.a.DiskThresholdMonitor] high disk watermark [90%] exceeded on [w9O2ULLtRpC_qFX9Y9KVuA][sonarqube][C:\Users\swaroop\my-app\sonarqube-8.1.0.31237\data\es6\nodes\0] free: 11.4gb[5.5%], shards will be relocated away from this node
2020.02.19 15:28:14 WARN  es[][o.e.c.r.a.DiskThresholdMonitor] high disk watermark [90%] exceeded on [w9O2ULLtRpC_qFX9Y9KVuA][sonarqube][C:\Users\swaroop\my-app\sonarqube-8.1.0.31237\data\es6\nodes\0] free: 11.4gb[5.5%], shards will be relocated away from this node
2020.02.19 15:28:14 INFO  es[][o.e.c.r.a.DiskThresholdMonitor] rerouting shards: [high disk watermark exceeded on one or more nodes]
2020.02.19 15:28:44 WARN  es[][o.e.c.r.a.DiskThresholdMonitor] high disk watermark [90%] exceeded on [w9O2ULLtRpC_qFX9Y9KVuA][sonarqube][C:\Users\swaroop\my-app\sonarqube-8.1.0.31237\data\es6\nodes\0] free: 11.4gb[5.5%], shards will be relocated away from this node
2020.02.19 15:29:14 WARN  es[][o.e.c.r.a.DiskThresholdMonitor] high disk watermark [90%] exceeded on [w9O2ULLtRpC_qFX9Y9KVuA][sonarqube][C:\Users\swaroop\my-app\sonarqube-8.1.0.31237\data\es6\nodes\0] free: 11.4gb[5.5%], shards will be relocated away from this node
2020.02.19 15:29:14 INFO  es[][o.e.c.r.a.DiskThresholdMonitor] rerouting shards: [high disk watermark exceeded on one or more nodes]
2020.02.19 15:29:44 WARN  es[][o.e.c.r.a.DiskThresholdMonitor] high disk watermark [90%] exceeded on [w9O2ULLtRpC_qFX9Y9KVuA][sonarqube][C:\Users\swaroop\my-app\sonarqube-8.1.0.31237\data\es6\nodes\0] free: 11.4gb[5.5%], shards will be relocated away from this node
2020.02.19 15:30:14 WARN  es[][o.e.c.r.a.DiskThresholdMonitor] high disk watermark [90%] exceeded on [w9O2ULLtRpC_qFX9Y9KVuA][sonarqube][C:\Users\swaroop\my-app\sonarqube-8.1.0.31237\data\es6\nodes\0] free: 11.4gb[5.5%], shards will be relocated away from this node
2020.02.19 15:30:14 INFO  es[][o.e.c.r.a.DiskThresholdMonitor] rerouting shards: [high disk watermark exceeded on one or more nodes]
2020.02.19 15:30:44 WARN  es[][o.e.c.r.a.DiskThresholdMonitor] high disk watermark [90%] exceeded on [w9O2ULLtRpC_qFX9Y9KVuA][sonarqube][C:\Users\swaroop\my-app\sonarqube-8.1.0.31237\data\es6\nodes\0] free: 11.4gb[5.5%], shards will be relocated away from this node
2020.02.19 15:31:14 WARN  es[][o.e.c.r.a.DiskThresholdMonitor] high disk watermark [90%] exceeded on [w9O2ULLtRpC_qFX9Y9KVuA][sonarqube][C:\Users\swaroop\my-app\sonarqube-8.1.0.31237\data\es6\nodes\0] free: 11.4gb[5.5%], shards will be relocated away from this node
2020.02.19 15:31:14 INFO  es[][o.e.c.r.a.DiskThresholdMonitor] rerouting shards: [high disk watermark exceeded on one or more nodes]
2020.02.19 15:31:44 WARN  es[][o.e.c.r.a.DiskThresholdMonitor] high disk watermark [90%] exceeded on [w9O2ULLtRpC_qFX9Y9KVuA][sonarqube][C:\Users\swaroop\my-app\sonarqube-8.1.0.31237\data\es6\nodes\0] free: 11.4gb[5.5%], shards will be relocated away from this node
2020.02.19 15:32:14 WARN  es[][o.e.c.r.a.DiskThresholdMonitor] high disk watermark [90%] exceeded on [w9O2ULLtRpC_qFX9Y9KVuA][sonarqube][C:\Users\swaroop\my-app\sonarqube-8.1.0.31237\data\es6\nodes\0] free: 11.4gb[5.5%], shards will be relocated away from this node
2020.02.19 15:32:14 INFO  es[][o.e.c.r.a.DiskThresholdMonitor] rerouting shards: [high disk watermark exceeded on one or more nodes]
2020.02.19 15:32:44 WARN  es[][o.e.c.r.a.DiskThresholdMonitor] high disk watermark [90%] exceeded on [w9O2ULLtRpC_qFX9Y9KVuA][sonarqube][C:\Users\swaroop\my-app\sonarqube-8.1.0.31237\data\es6\nodes\0] free: 11.4gb[5.5%], shards will be relocated away from this node
2020.02.19 15:33:14 WARN  es[][o.e.c.r.a.DiskThresholdMonitor] high disk watermark [90%] exceeded on [w9O2ULLtRpC_qFX9Y9KVuA][sonarqube][C:\Users\swaroop\my-app\sonarqube-8.1.0.31237\data\es6\nodes\0] free: 11.4gb[5.5%], shards will be relocated away from this node
2020.02.19 15:33:14 INFO  es[][o.e.c.r.a.DiskThresholdMonitor] rerouting shards: [high disk watermark exceeded on one or more nodes]
2020.02.19 15:33:44 WARN  es[][o.e.c.r.a.DiskThresholdMonitor] flood stage disk watermark [95%] exceeded on [w9O2ULLtRpC_qFX9Y9KVuA][sonarqube][C:\Users\swaroop\my-app\sonarqube-8.1.0.31237\data\es6\nodes\0] free: 9.9gb[4.8%], all indices on this node will be marked read-only
2020.02.19 15:34:14 WARN  es[][o.e.c.r.a.DiskThresholdMonitor] flood stage disk watermark [95%] exceeded on [w9O2ULLtRpC_qFX9Y9KVuA][sonarqube][C:\Users\swaroop\my-app\sonarqube-8.1.0.31237\data\es6\nodes\0] free: 9.9gb[4.8%], all indices on this node will be marked read-only
2020.02.19 15:34:44 WARN  es[][o.e.c.r.a.DiskThresholdMonitor] flood stage disk watermark [95%] exceeded on [w9O2ULLtRpC_qFX9Y9KVuA][sonarqube][C:\Users\swaroop\my-app\sonarqube-8.1.0.31237\data\es6\nodes\0] free: 9.9gb[4.8%], all indices on this node will be marked read-only
2020.02.19 15:35:14 WARN  es[][o.e.c.r.a.DiskThresholdMonitor] flood stage disk watermark [95%] exceeded on [w9O2ULLtRpC_qFX9Y9KVuA][sonarqube][C:\Users\swaroop\my-app\sonarqube-8.1.0.31237\data\es6\nodes\0] free: 9.9gb[4.8%], all indices on this node will be marked read-only
2020.02.19 15:35:44 WARN  es[][o.e.c.r.a.DiskThresholdMonitor] flood stage disk watermark [95%] exceeded on [w9O2ULLtRpC_qFX9Y9KVuA][sonarqube][C:\Users\swaroop\my-app\sonarqube-8.1.0.31237\data\es6\nodes\0] free: 9.8gb[4.8%], all indices on this node will be marked read-only
2020.02.19 15:36:14 WARN  es[][o.e.c.r.a.DiskThresholdMonitor] flood stage disk watermark [95%] exceeded on [w9O2ULLtRpC_qFX9Y9KVuA][sonarqube][C:\Users\swaroop\my-app\sonarqube-8.1.0.31237\data\es6\nodes\0] free: 9.8gb[4.8%], all indices on this node will be marked read-only
2020.02.19 15:36:44 WARN  es[][o.e.c.r.a.DiskThresholdMonitor] flood stage disk watermark [95%] exceeded on [w9O2ULLtRpC_qFX9Y9KVuA][sonarqube][C:\Users\swaroop\my-app\sonarqube-8.1.0.31237\data\es6\nodes\0] free: 9.8gb[4.8%], all indices on this node will be marked read-only
2020.02.19 15:37:14 WARN  es[][o.e.c.r.a.DiskThresholdMonitor] flood stage disk watermark [95%] exceeded on [w9O2ULLtRpC_qFX9Y9KVuA][sonarqube][C:\Users\swaroop\my-app\sonarqube-8.1.0.31237\data\es6\nodes\0] free: 9.8gb[4.7%], all indices on this node will be marked read-only
2020.02.19 15:37:45 WARN  es[][o.e.c.r.a.DiskThresholdMonitor] flood stage disk watermark [95%] exceeded on [w9O2ULLtRpC_qFX9Y9KVuA][sonarqube][C:\Users\swaroop\my-app\sonarqube-8.1.0.31237\data\es6\nodes\0] free: 9.8gb[4.8%], all indices on this node will be marked read-only
2020.02.19 15:38:15 WARN  es[][o.e.c.r.a.DiskThresholdMonitor] flood stage disk watermark [95%] exceeded on [w9O2ULLtRpC_qFX9Y9KVuA][sonarqube][C:\Users\swaroop\my-app\sonarqube-8.1.0.31237\data\es6\nodes\0] free: 9.8gb[4.7%], all indices on this node will be marked read-only
2020.02.19 15:38:45 WARN  es[][o.e.c.r.a.DiskThresholdMonitor] flood stage disk watermark [95%] exceeded on [w9O2ULLtRpC_qFX9Y9KVuA][sonarqube][C:\Users\swaroop\my-app\sonarqube-8.1.0.31237\data\es6\nodes\0] free: 9.8gb[4.7%], all indices on this node will be marked read-only
2020.02.19 15:39:15 WARN  es[][o.e.c.r.a.DiskThresholdMonitor] high disk watermark [90%] exceeded on [w9O2ULLtRpC_qFX9Y9KVuA][sonarqube][C:\Users\swaroop\my-app\sonarqube-8.1.0.31237\data\es6\nodes\0] free: 13.6gb[6.6%], shards will be relocated away from this node
2020.02.19 15:39:15 INFO  es[][o.e.c.r.a.DiskThresholdMonitor] rerouting shards: [high disk watermark exceeded on one or more nodes]
