--> Wrapper Started as Console
Launching a JVM...
Wrapper (Version 3.2.3) http://wrapper.tanukisoftware.org
  Copyright 1999-2006 Tanuki Software, Inc.  All Rights Reserved.

2020.02.18 21:07:36 INFO  app[][o.s.a.AppFileSystem] Cleaning or creating temp directory C:\Users\swaroop\my-app\sonarqube-8.1.0.31237\temp
2020.02.18 21:07:36 INFO  app[][o.s.a.es.EsSettings] Elasticsearch listening on /127.0.0.1:9001
2020.02.18 21:07:36 INFO  app[][o.s.a.ProcessLauncherImpl] Launch process[[key='es', ipcIndex=1, logFilenamePrefix=es]] from [C:\Users\swaroop\my-app\sonarqube-8.1.0.31237\elasticsearch]: C:\Program Files\Java\jdk-11.0.6\bin\java -XX:+UseConcMarkSweepGC -XX:CMSInitiatingOccupancyFraction=75 -XX:+UseCMSInitiatingOccupancyOnly -Des.networkaddress.cache.ttl=60 -Des.networkaddress.cache.negative.ttl=10 -XX:+AlwaysPreTouch -Xss1m -Djava.awt.headless=true -Dfile.encoding=UTF-8 -Djna.nosys=true -XX:-OmitStackTraceInFastThrow -Dio.netty.noUnsafe=true -Dio.netty.noKeySetOptimization=true -Dio.netty.recycler.maxCapacityPerThread=0 -Dlog4j.shutdownHookEnabled=false -Dlog4j2.disable.jmx=true -Djava.io.tmpdir=C:\Users\swaroop\my-app\sonarqube-8.1.0.31237\temp -XX:ErrorFile=../logs/es_hs_err_pid%p.log -Xmx512m -Xms512m -XX:+HeapDumpOnOutOfMemoryError -Delasticsearch -Des.path.home=C:\Users\swaroop\my-app\sonarqube-8.1.0.31237\elasticsearch -Des.path.conf=C:\Users\swaroop\my-app\sonarqube-8.1.0.31237\temp\conf\es -cp lib/* org.elasticsearch.bootstrap.Elasticsearch
2020.02.18 21:07:36 INFO  app[][o.s.a.SchedulerImpl] Waiting for Elasticsearch to be up and running
Java HotSpot(TM) 64-Bit Server VM warning: Option UseConcMarkSweepGC was deprecated in version 9.0 and will likely be removed in a future release.
2020.02.18 21:07:37 INFO  app[][o.e.p.PluginsService] no modules loaded
2020.02.18 21:07:37 INFO  app[][o.e.p.PluginsService] loaded plugin [org.elasticsearch.transport.Netty4Plugin]
2020.02.18 21:07:53 INFO  app[][o.s.a.SchedulerImpl] Process[es] is up
2020.02.18 21:07:53 INFO  app[][o.s.a.ProcessLauncherImpl] Launch process[[key='web', ipcIndex=2, logFilenamePrefix=web]] from [C:\Users\swaroop\my-app\sonarqube-8.1.0.31237]: C:\Program Files\Java\jdk-11.0.6\bin\java -Djava.awt.headless=true -Dfile.encoding=UTF-8 -Djava.io.tmpdir=C:\Users\swaroop\my-app\sonarqube-8.1.0.31237\temp --add-opens=java.base/java.util=ALL-UNNAMED --add-opens=java.base/java.lang=ALL-UNNAMED --add-opens=java.base/java.io=ALL-UNNAMED --add-opens=java.rmi/sun.rmi.transport=ALL-UNNAMED -Xmx512m -Xms128m -XX:+HeapDumpOnOutOfMemoryError -Dhttp.nonProxyHosts=localhost|127.*|[::1] -cp ./lib/common/*;C:\Users\swaroop\my-app\sonarqube-8.1.0.31237\lib\jdbc\h2\h2-1.4.199.jar org.sonar.server.app.WebServer C:\Users\swaroop\my-app\sonarqube-8.1.0.31237\temp\sq-process8585407722335696607properties
2020.02.18 21:08:42 INFO  app[][o.s.a.SchedulerImpl] Process[web] is stopped
2020.02.18 21:08:42 INFO  app[][o.s.a.SchedulerImpl] Process[es] is stopped
2020.02.18 21:08:42 INFO  app[][o.s.a.SchedulerImpl] SonarQube is stopped
<-- Wrapper Stopped
--> Wrapper Started as Console
Launching a JVM...
Wrapper (Version 3.2.3) http://wrapper.tanukisoftware.org
  Copyright 1999-2006 Tanuki Software, Inc.  All Rights Reserved.

2020.02.18 21:18:16 INFO  app[][o.s.a.AppFileSystem] Cleaning or creating temp directory C:\Users\swaroop\my-app\sonarqube-8.1.0.31237\temp
2020.02.18 21:18:16 INFO  app[][o.s.a.es.EsSettings] Elasticsearch listening on /127.0.0.1:9001
2020.02.18 21:18:16 INFO  app[][o.s.a.ProcessLauncherImpl] Launch process[[key='es', ipcIndex=1, logFilenamePrefix=es]] from [C:\Users\swaroop\my-app\sonarqube-8.1.0.31237\elasticsearch]: C:\Program Files\Java\jdk-11.0.6\bin\java -XX:+UseConcMarkSweepGC -XX:CMSInitiatingOccupancyFraction=75 -XX:+UseCMSInitiatingOccupancyOnly -Des.networkaddress.cache.ttl=60 -Des.networkaddress.cache.negative.ttl=10 -XX:+AlwaysPreTouch -Xss1m -Djava.awt.headless=true -Dfile.encoding=UTF-8 -Djna.nosys=true -XX:-OmitStackTraceInFastThrow -Dio.netty.noUnsafe=true -Dio.netty.noKeySetOptimization=true -Dio.netty.recycler.maxCapacityPerThread=0 -Dlog4j.shutdownHookEnabled=false -Dlog4j2.disable.jmx=true -Djava.io.tmpdir=C:\Users\swaroop\my-app\sonarqube-8.1.0.31237\temp -XX:ErrorFile=../logs/es_hs_err_pid%p.log -Xmx512m -Xms512m -XX:+HeapDumpOnOutOfMemoryError -Delasticsearch -Des.path.home=C:\Users\swaroop\my-app\sonarqube-8.1.0.31237\elasticsearch -Des.path.conf=C:\Users\swaroop\my-app\sonarqube-8.1.0.31237\temp\conf\es -cp lib/* org.elasticsearch.bootstrap.Elasticsearch
2020.02.18 21:18:16 INFO  app[][o.s.a.SchedulerImpl] Waiting for Elasticsearch to be up and running
Java HotSpot(TM) 64-Bit Server VM warning: Option UseConcMarkSweepGC was deprecated in version 9.0 and will likely be removed in a future release.
2020.02.18 21:18:17 INFO  app[][o.e.p.PluginsService] no modules loaded
2020.02.18 21:18:17 INFO  app[][o.e.p.PluginsService] loaded plugin [org.elasticsearch.transport.Netty4Plugin]
2020.02.18 21:18:35 INFO  app[][o.s.a.SchedulerImpl] Process[es] is up
2020.02.18 21:18:35 INFO  app[][o.s.a.ProcessLauncherImpl] Launch process[[key='web', ipcIndex=2, logFilenamePrefix=web]] from [C:\Users\swaroop\my-app\sonarqube-8.1.0.31237]: C:\Program Files\Java\jdk-11.0.6\bin\java -Djava.awt.headless=true -Dfile.encoding=UTF-8 -Djava.io.tmpdir=C:\Users\swaroop\my-app\sonarqube-8.1.0.31237\temp --add-opens=java.base/java.util=ALL-UNNAMED --add-opens=java.base/java.lang=ALL-UNNAMED --add-opens=java.base/java.io=ALL-UNNAMED --add-opens=java.rmi/sun.rmi.transport=ALL-UNNAMED -Xmx512m -Xms128m -XX:+HeapDumpOnOutOfMemoryError -Dhttp.nonProxyHosts=localhost|127.*|[::1] -cp ./lib/common/*;C:\Users\swaroop\my-app\sonarqube-8.1.0.31237\lib\jdbc\h2\h2-1.4.199.jar org.sonar.server.app.WebServer C:\Users\swaroop\my-app\sonarqube-8.1.0.31237\temp\sq-process13668440519328039978properties
2020.02.18 21:19:05 INFO  app[][o.s.a.SchedulerImpl] Process[web] is stopped
2020.02.18 21:19:05 INFO  app[][o.s.a.SchedulerImpl] Process[es] is stopped
2020.02.18 21:19:05 INFO  app[][o.s.a.SchedulerImpl] SonarQube is stopped
<-- Wrapper Stopped
--> Wrapper Started as Console
Launching a JVM...
Unable to execute Java command.  Access is denied. (0x5)
    "C:\Program Files (x86)\Common Files\Oracle\Java" -Dsonar.wrapped=true -Djava.awt.headless=true -Xms8m -Xmx32m -Djava.library.path="./lib" -classpath "../../lib/jsw/wrapper-3.2.3.jar;../../lib/common/activation-1.1.jar;../../lib/common/animal-sniffer-annotations-1.18.jar;../../lib/common/checker-qual-2.8.1.jar;../../lib/common/commons-codec-1.12.jar;../../lib/common/commons-csv-1.7.jar;../../lib/common/commons-dbcp2-2.7.0.jar;../../lib/common/commons-dbutils-1.5.jar;../../lib/common/commons-email-1.5.jar;../../lib/common/commons-io-2.6.jar;../../lib/common/commons-lang-2.6.jar;../../lib/common/commons-lang3-3.4.jar;../../lib/common/commons-logging-1.2.jar;../../lib/common/commons-pool2-2.7.0.jar;../../lib/common/core-3.1.0.jar;../../lib/common/diffutils-1.2.jar;../../lib/common/elasticsearch-6.8.4.jar;../../lib/common/elasticsearch-cli-6.8.4.jar;../../lib/common/elasticsearch-core-6.8.4.jar;../../lib/common/elasticsearch-secure-sm-6.8.4.jar;../../lib/common/elasticsearch-x-content-6.8.4.jar;../../lib/common/error_prone_annotations-2.3.2.jar;../../lib/common/failureaccess-1.0.1.jar;../../lib/common/gson-2.8.5.jar;../../lib/common/guava-28.1-jre.jar;../../lib/common/hazelcast-3.12.3.jar;../../lib/common/HdrHistogram-2.1.9.jar;../../lib/common/hppc-0.7.1.jar;../../lib/common/httpclient-4.5.10.jar;../../lib/common/httpcore-4.4.12.jar;../../lib/common/j2objc-annotations-1.3.jar;../../lib/common/jackson-annotations-2.9.9.jar;../../lib/common/jackson-core-2.9.9.jar;../../lib/common/jackson-databind-2.9.9.2.jar;../../lib/common/jackson-dataformat-cbor-2.8.11.jar;../../lib/common/jackson-dataformat-smile-2.8.11.jar;../../lib/common/jackson-dataformat-yaml-2.8.11.jar;../../lib/common/java-saml-2.5.0.jar;../../lib/common/java-saml-core-2.5.0.jar;../../lib/common/javax.mail-1.5.6.jar;../../lib/common/jbcrypt-0.4.jar;../../lib/common/jjwt-api-0.10.7.jar;../../lib/common/jjwt-impl-0.10.7.jar;../../lib/common/jjwt-jackson-0.10.7.jar;../../lib/common/jna-4.5.1.jar;../../lib/common/joda-time-2.10.3.jar;../../lib/common/jopt-simple-5.0.2.jar;../../lib/common/jsr305-3.0.2.jar;../../lib/common/jul-to-slf4j-1.7.28.jar;../../lib/common/listenablefuture-9999.0-empty-to-avoid-conflict-with-guava.jar;../../lib/common/log4j-api-2.8.2.jar;../../lib/common/log4j-to-slf4j-2.8.2.jar;../../lib/common/logback-access-1.2.3.jar;../../lib/common/logback-classic-1.2.3.jar;../../lib/common/logback-core-1.2.3.jar;../../lib/common/lucene-analyzers-common-7.7.2.jar;../../lib/common/lucene-backward-codecs-7.7.2.jar;../../lib/common/lucene-core-7.7.2.jar;../../lib/common/lucene-grouping-7.7.2.jar;../../lib/common/lucene-highlighter-7.7.2.jar;../../lib/common/lucene-join-7.7.2.jar;../../lib/common/lucene-memory-7.7.2.jar;../../lib/common/lucene-misc-7.7.2.jar;../../lib/common/lucene-queries-7.7.2.jar;../../lib/common/lucene-queryparser-7.7.2.jar;../../lib/common/lucene-sandbox-7.7.2.jar;../../lib/common/lucene-spatial-7.7.2.jar;../../lib/common/lucene-spatial-extras-7.7.2.jar;../../lib/common/lucene-spatial3d-7.7.2.jar;../../lib/common/lucene-suggest-7.7.2.jar;../../lib/common/lz4-1.3.0.jar;../../lib/common/mybatis-3.5.3.jar;../../lib/common/nanohttpd-2.3.0.jar;../../lib/common/netty-buffer-4.1.32.Final.jar;../../lib/common/netty-codec-4.1.32.Final.jar;../../lib/common/netty-codec-http-4.1.32.Final.jar;../../lib/common/netty-common-4.1.32.Final.jar;../../lib/common/netty-handler-4.1.32.Final.jar;../../lib/common/netty-resolver-4.1.32.Final.jar;../../lib/common/netty-transport-4.1.32.Final.jar;../../lib/common/okhttp-3.14.2.jar;../../lib/common/okio-1.17.2.jar;../../lib/common/parent-join-client-6.8.4.jar;../../lib/common/percolator-client-6.8.4.jar;../../lib/common/picocontainer-2.15.jar;../../lib/common/protobuf-java-3.10.0.jar;../../lib/common/scribejava-apis-6.8.1.jar;../../lib/common/scribejava-core-6.8.1.jar;../../lib/common/slf4j-api-1.7.28.jar;../../lib/common/snakeyaml-1.25.jar;../../lib/common/sonar-auth-common-8.1.0.31237.jar;../../lib/common/sonar-auth-github-8.1.0.31237.jar;../../lib/common/sonar-auth-gitlab-8.1.0.31237.jar;../../lib/common/sonar-auth-ldap-8.1.0.31237.jar;../../lib/common/sonar-auth-saml-8.1.0.31237.jar;../../lib/common/sonar-ce-8.1.0.31237.jar;../../lib/common/sonar-ce-common-8.1.0.31237.jar;../../lib/common/sonar-ce-task-8.1.0.31237.jar;../../lib/common/sonar-ce-task-projectanalysis-8.1.0.31237.jar;../../lib/common/sonar-channel-4.1.jar;../../lib/common/sonar-classloader-1.0.jar;../../lib/common/sonar-core-8.1.0.31237.jar;../../lib/common/sonar-db-core-8.1.0.31237.jar;../../lib/common/sonar-db-dao-8.1.0.31237.jar;../../lib/common/sonar-db-migration-8.1.0.31237.jar;../../lib/common/sonar-duplications-8.1.0.31237.jar;../../lib/common/sonar-main-8.1.0.31237.jar;../../lib/common/sonar-markdown-8.1.0.31237.jar;../../lib/common/sonar-plugin-api-8.1.0.31237-all.jar;../../lib/common/sonar-plugin-api-impl-8.1.0.31237.jar;../../lib/common/sonar-process-8.1.0.31237.jar;../../lib/common/sonar-scanner-protocol-8.1.0.31237.jar;../../lib/common/sonar-server-common-8.1.0.31237.jar;../../lib/common/sonar-update-center-common-1.23.0.723.jar;../../lib/common/sonar-webserver-8.1.0.31237.jar;../../lib/common/sonar-webserver-api-8.1.0.31237.jar;../../lib/common/sonar-webserver-auth-8.1.0.31237.jar;../../lib/common/sonar-webserver-core-8.1.0.31237.jar;../../lib/common/sonar-webserver-es-8.1.0.31237.jar;../../lib/common/sonar-webserver-webapi-8.1.0.31237.jar;../../lib/common/sonar-webserver-ws-8.1.0.31237.jar;../../lib/common/sonar-ws-8.1.0.31237.jar;../../lib/common/stax2-api-3.1.4.jar;../../lib/common/staxmate-2.0.1.jar;../../lib/common/t-digest-3.2.jar;../../lib/common/tomcat-annotations-api-8.5.41.jar;../../lib/common/tomcat-embed-core-8.5.41.jar;../../lib/common/transport-6.8.4.jar;../../lib/common/transport-netty4-client-6.8.4.jar;../../lib/common/woodstox-core-5.0.3.jar;../../lib/common/woodstox-core-lgpl-4.4.0.jar;../../lib/common/xmlsec-2.1.4.jar;../../lib/sonar-application-8.1.0.31237.jar;../../lib/sonar-shutdowner-8.1.0.31237.jar" -Dwrapper.key="cz9Kh6G0UeX0yXB1" -Dwrapper.port=32000 -Dwrapper.jvm.port.min=31000 -Dwrapper.jvm.port.max=31999 -Dwrapper.pid=15468 -Dwrapper.version="3.2.3" -Dwrapper.native_library="wrapper" -Dwrapper.cpu.timeout="10" -Dwrapper.jvmid=1 org.tanukisoftware.wrapper.WrapperSimpleApp org.sonar.application.App

------------------------------------------------------------------------
Advice:
Access denied errors when attempting to launch the Java process are
usually caused by strict access permissions assigned to the directory
in which Java is installed.
------------------------------------------------------------------------

Critical error: wait for JVM process failed
--> Wrapper Started as Console
Launching a JVM...
Wrapper (Version 3.2.3) http://wrapper.tanukisoftware.org
  Copyright 1999-2006 Tanuki Software, Inc.  All Rights Reserved.

2020.02.18 21:32:45 INFO  app[][o.s.a.AppFileSystem] Cleaning or creating temp directory C:\Users\swaroop\my-app\sonarqube-8.1.0.31237\temp
2020.02.18 21:32:45 INFO  app[][o.s.a.es.EsSettings] Elasticsearch listening on /127.0.0.1:9001
2020.02.18 21:32:45 INFO  app[][o.s.a.ProcessLauncherImpl] Launch process[[key='es', ipcIndex=1, logFilenamePrefix=es]] from [C:\Users\swaroop\my-app\sonarqube-8.1.0.31237\elasticsearch]: C:\Program Files\Java\jdk-11.0.6\bin\java -XX:+UseConcMarkSweepGC -XX:CMSInitiatingOccupancyFraction=75 -XX:+UseCMSInitiatingOccupancyOnly -Des.networkaddress.cache.ttl=60 -Des.networkaddress.cache.negative.ttl=10 -XX:+AlwaysPreTouch -Xss1m -Djava.awt.headless=true -Dfile.encoding=UTF-8 -Djna.nosys=true -XX:-OmitStackTraceInFastThrow -Dio.netty.noUnsafe=true -Dio.netty.noKeySetOptimization=true -Dio.netty.recycler.maxCapacityPerThread=0 -Dlog4j.shutdownHookEnabled=false -Dlog4j2.disable.jmx=true -Djava.io.tmpdir=C:\Users\swaroop\my-app\sonarqube-8.1.0.31237\temp -XX:ErrorFile=../logs/es_hs_err_pid%p.log -Xmx512m -Xms512m -XX:+HeapDumpOnOutOfMemoryError -Delasticsearch -Des.path.home=C:\Users\swaroop\my-app\sonarqube-8.1.0.31237\elasticsearch -Des.path.conf=C:\Users\swaroop\my-app\sonarqube-8.1.0.31237\temp\conf\es -cp lib/* org.elasticsearch.bootstrap.Elasticsearch
2020.02.18 21:32:45 INFO  app[][o.s.a.SchedulerImpl] Waiting for Elasticsearch to be up and running
Java HotSpot(TM) 64-Bit Server VM warning: Option UseConcMarkSweepGC was deprecated in version 9.0 and will likely be removed in a future release.
2020.02.18 21:32:46 INFO  app[][o.e.p.PluginsService] no modules loaded
2020.02.18 21:32:46 INFO  app[][o.e.p.PluginsService] loaded plugin [org.elasticsearch.transport.Netty4Plugin]
2020.02.18 21:33:06 INFO  app[][o.s.a.SchedulerImpl] Process[es] is up
Wrapper Process has not received any CPU time for 5210 seconds.  Extending timeouts.
2020.02.18 21:33:06 INFO  app[][o.s.a.ProcessLauncherImpl] Launch process[[key='web', ipcIndex=2, logFilenamePrefix=web]] from [C:\Users\swaroop\my-app\sonarqube-8.1.0.31237]: C:\Program Files\Java\jdk-11.0.6\bin\java -Djava.awt.headless=true -Dfile.encoding=UTF-8 -Djava.io.tmpdir=C:\Users\swaroop\my-app\sonarqube-8.1.0.31237\temp --add-opens=java.base/java.util=ALL-UNNAMED --add-opens=java.base/java.lang=ALL-UNNAMED --add-opens=java.base/java.io=ALL-UNNAMED --add-opens=java.rmi/sun.rmi.transport=ALL-UNNAMED -Xmx512m -Xms128m -XX:+HeapDumpOnOutOfMemoryError -Dhttp.nonProxyHosts=localhost|127.*|[::1] -cp ./lib/common/*;C:\Users\swaroop\my-app\sonarqube-8.1.0.31237\lib\jdbc\h2\h2-1.4.199.jar org.sonar.server.app.WebServer C:\Users\swaroop\my-app\sonarqube-8.1.0.31237\temp\sq-process13192458343939701794properties
2020.02.18 21:33:45 INFO  app[][o.s.a.SchedulerImpl] Process[web] is stopped
2020.02.18 21:33:45 INFO  app[][o.s.a.SchedulerImpl] Process[es] is stopped
2020.02.18 21:33:45 INFO  app[][o.s.a.SchedulerImpl] SonarQube is stopped
<-- Wrapper Stopped
--> Wrapper Started as Console
Launching a JVM...
Wrapper (Version 3.2.3) http://wrapper.tanukisoftware.org
  Copyright 1999-2006 Tanuki Software, Inc.  All Rights Reserved.

2020.02.19 00:01:29 INFO  app[][o.s.a.AppFileSystem] Cleaning or creating temp directory C:\Users\swaroop\my-app\sonarqube-8.1.0.31237\temp
2020.02.19 00:01:30 INFO  app[][o.s.a.es.EsSettings] Elasticsearch listening on /127.0.0.1:9001
2020.02.19 00:01:30 INFO  app[][o.s.a.ProcessLauncherImpl] Launch process[[key='es', ipcIndex=1, logFilenamePrefix=es]] from [C:\Users\swaroop\my-app\sonarqube-8.1.0.31237\elasticsearch]: C:\Program Files\Java\jdk-11.0.6\bin\java -XX:+UseConcMarkSweepGC -XX:CMSInitiatingOccupancyFraction=75 -XX:+UseCMSInitiatingOccupancyOnly -Des.networkaddress.cache.ttl=60 -Des.networkaddress.cache.negative.ttl=10 -XX:+AlwaysPreTouch -Xss1m -Djava.awt.headless=true -Dfile.encoding=UTF-8 -Djna.nosys=true -XX:-OmitStackTraceInFastThrow -Dio.netty.noUnsafe=true -Dio.netty.noKeySetOptimization=true -Dio.netty.recycler.maxCapacityPerThread=0 -Dlog4j.shutdownHookEnabled=false -Dlog4j2.disable.jmx=true -Djava.io.tmpdir=C:\Users\swaroop\my-app\sonarqube-8.1.0.31237\temp -XX:ErrorFile=../logs/es_hs_err_pid%p.log -Xmx512m -Xms512m -XX:+HeapDumpOnOutOfMemoryError -Delasticsearch -Des.path.home=C:\Users\swaroop\my-app\sonarqube-8.1.0.31237\elasticsearch -Des.path.conf=C:\Users\swaroop\my-app\sonarqube-8.1.0.31237\temp\conf\es -cp lib/* org.elasticsearch.bootstrap.Elasticsearch
2020.02.19 00:01:30 INFO  app[][o.s.a.SchedulerImpl] Waiting for Elasticsearch to be up and running
Java HotSpot(TM) 64-Bit Server VM warning: Option UseConcMarkSweepGC was deprecated in version 9.0 and will likely be removed in a future release.
2020.02.19 00:01:31 INFO  app[][o.e.p.PluginsService] no modules loaded
2020.02.19 00:01:31 INFO  app[][o.e.p.PluginsService] loaded plugin [org.elasticsearch.transport.Netty4Plugin]
2020.02.19 00:01:51 INFO  app[][o.s.a.SchedulerImpl] Process[es] is up
2020.02.19 00:01:51 INFO  app[][o.s.a.ProcessLauncherImpl] Launch process[[key='web', ipcIndex=2, logFilenamePrefix=web]] from [C:\Users\swaroop\my-app\sonarqube-8.1.0.31237]: C:\Program Files\Java\jdk-11.0.6\bin\java -Djava.awt.headless=true -Dfile.encoding=UTF-8 -Djava.io.tmpdir=C:\Users\swaroop\my-app\sonarqube-8.1.0.31237\temp --add-opens=java.base/java.util=ALL-UNNAMED --add-opens=java.base/java.lang=ALL-UNNAMED --add-opens=java.base/java.io=ALL-UNNAMED --add-opens=java.rmi/sun.rmi.transport=ALL-UNNAMED -Xmx512m -Xms128m -XX:+HeapDumpOnOutOfMemoryError -Dhttp.nonProxyHosts=localhost|127.*|[::1] -cp ./lib/common/*;C:\Users\swaroop\my-app\sonarqube-8.1.0.31237\lib\jdbc\h2\h2-1.4.199.jar org.sonar.server.app.WebServer C:\Users\swaroop\my-app\sonarqube-8.1.0.31237\temp\sq-process4932491138573286798properties
2020.02.19 00:02:29 INFO  app[][o.s.a.SchedulerImpl] Process[web] is up
2020.02.19 00:02:29 INFO  app[][o.s.a.ProcessLauncherImpl] Launch process[[key='ce', ipcIndex=3, logFilenamePrefix=ce]] from [C:\Users\swaroop\my-app\sonarqube-8.1.0.31237]: C:\Program Files\Java\jdk-11.0.6\bin\java -Djava.awt.headless=true -Dfile.encoding=UTF-8 -Djava.io.tmpdir=C:\Users\swaroop\my-app\sonarqube-8.1.0.31237\temp --add-opens=java.base/java.util=ALL-UNNAMED -Xmx512m -Xms128m -XX:+HeapDumpOnOutOfMemoryError -Dhttp.nonProxyHosts=localhost|127.*|[::1] -cp ./lib/common/*;C:\Users\swaroop\my-app\sonarqube-8.1.0.31237\lib\jdbc\h2\h2-1.4.199.jar org.sonar.ce.app.CeServer C:\Users\swaroop\my-app\sonarqube-8.1.0.31237\temp\sq-process5089004475863642970properties
2020.02.19 00:05:44 INFO  app[][o.s.a.SchedulerImpl] Process[ce] is up
2020.02.19 00:05:44 INFO  app[][o.s.a.SchedulerImpl] SonarQube is up
